2025-12-10 11:04:38,333 - HRP_20251210 - INFO - ============================================================
2025-12-10 11:04:38,333 - HRP_20251210 - INFO - 策略运行器初始化完成
2025-12-10 11:04:38,333 - HRP_20251210 - INFO - ============================================================
2025-12-10 11:04:38,333 - HRP_20251210 - INFO - 

2025-12-10 11:04:38,333 - HRP_20251210 - INFO - ================================================================================
2025-12-10 11:04:38,333 - HRP_20251210 - INFO -                                     回测系统-开始                                     
2025-12-10 11:04:38,333 - HRP_20251210 - INFO - ================================================================================

2025-12-10 11:04:38,403 - HRP_20251210 - INFO - ==================================================
2025-12-10 11:04:38,403 - HRP_20251210 - INFO - 数据库连接成功: macro_data_base
2025-12-10 11:04:38,403 - HRP_20251210 - INFO - 数据库连接已关闭
2025-12-10 11:04:38,404 - HRP_20251210 - INFO - ==================================================
2025-12-10 11:04:38,404 - HRP_20251210 - ERROR - 工作流程执行失败: [Errno 2] No such file or directory: 'D:\\anaconda\\Lib\\site-packages\\NurlenSAA\\log\\time_cal_20251210.log'
2025-12-10 11:04:38,406 - HRP_20251210 - ERROR - Traceback (most recent call last):
  File "d:\anaconda\Lib\site-packages\NurlenSAA\main.py", line 329, in run_complete_workflow
    self.load_data()
    ~~~~~~~~~~~~~~^^
  File "d:\anaconda\Lib\site-packages\NurlenSAA\main.py", line 71, in load_data
    self.price_df = em.load_table(self.config.DATA_TABLE,
                    ~~~~~~~~~~~~~^^^^^^^^^^^^^^^^^^^^^^^^
                                order_by='index',
                                ^^^^^^^^^^^^^^^^^
                                ascending=True,
                                ^^^^^^^^^^^^^^^
                                columns=self.config.CODE_LIST
                                ^^^^^^^^^^^^^^^^^^^^^^^^^^^^^
                                )
                                ^
  File "D:\anaconda\Lib\site-packages\Util_Fin\easy_manager.py", line 41, in wrapper
    logger = logger_util.setup_logger('time_cal','./log')
  File "D:\anaconda\Lib\site-packages\Util_Fin\logger_util.py", line 41, in setup_logger
    file_handler = logging.FileHandler(
        f"{file_load}/{log_file}_{date_current}.log",
        encoding="utf-8"
    )
  File "D:\anaconda\Lib\logging\__init__.py", line 1219, in __init__
    StreamHandler.__init__(self, self._open())
                                 ~~~~~~~~~~^^
  File "D:\anaconda\Lib\logging\__init__.py", line 1248, in _open
    return open_func(self.baseFilename, self.mode,
                     encoding=self.encoding, errors=self.errors)
FileNotFoundError: [Errno 2] No such file or directory: 'D:\\anaconda\\Lib\\site-packages\\NurlenSAA\\log\\time_cal_20251210.log'

2025-12-10 11:06:13,665 - HRP_20251210 - INFO - ============================================================
2025-12-10 11:06:13,665 - HRP_20251210 - INFO - 策略运行器初始化完成
2025-12-10 11:06:13,665 - HRP_20251210 - INFO - ============================================================
2025-12-10 11:06:13,665 - HRP_20251210 - INFO - 

2025-12-10 11:06:13,665 - HRP_20251210 - INFO - ================================================================================
2025-12-10 11:06:13,665 - HRP_20251210 - INFO -                                     回测系统-开始                                     
2025-12-10 11:06:13,665 - HRP_20251210 - INFO - ================================================================================

2025-12-10 11:06:13,702 - HRP_20251210 - INFO - ==================================================
2025-12-10 11:06:13,702 - HRP_20251210 - INFO - 数据库连接成功: macro_data_base
2025-12-10 11:06:13,711 - HRP_20251210 - INFO - 选择列: ['index', '000300_SH', '000905_SH', 'CBA00601_CS', 'CBA02001_CS', '000832_CSI', 'NH0200_NHF', 'NH0300_NHF', 'B_IPE', 'AU9999_SGE'] (共 10 列)
2025-12-10 11:06:13,711 - HRP_20251210 - INFO - 按列 'index' 升序排序
2025-12-10 11:06:13,754 - HRP_20251210 - INFO - 成功从表 daily_asset_price_1 加载数据，形状: (5040, 10)
2025-12-10 11:06:13,760 - HRP_20251210 - INFO - 数据库连接已关闭
2025-12-10 11:06:13,760 - HRP_20251210 - INFO - ==================================================
2025-12-10 11:06:13,762 - HRP_20251210 - INFO - 数据加载完成
2025-12-10 11:06:13,762 - HRP_20251210 - INFO - 数据形状: (4625, 9)
2025-12-10 11:06:13,763 - HRP_20251210 - INFO - 数据时间范围: 2006-11-21 00:00:00 到 2025-12-01 00:00:00
2025-12-10 11:06:13,763 - HRP_20251210 - INFO - 资产列表: ['000300_SH', '000905_SH', 'CBA00601_CS', 'CBA02001_CS', '000832_CSI', 'NH0200_NHF', 'NH0300_NHF', 'B_IPE', 'AU9999_SGE']
2025-12-10 11:06:13,763 - HRP_20251210 - INFO - 准备持仓信息...
2025-12-10 11:06:13,766 - HRP_20251210 - INFO - 持仓信息准备完成
2025-12-10 11:06:13,767 - HRP_20251210 - INFO - 调仓日期范围: 2007-07-02 00:00:00 到 2025-10-09 00:00:00
2025-12-10 11:06:13,767 - HRP_20251210 - INFO - 总调仓次数: 220
2025-12-10 11:06:13,767 - HRP_20251210 - INFO - 调仓日期实例:
2025-12-10 11:06:13,767 - HRP_20251210 - INFO - 2007-07-02 00:00:00
2025-12-10 11:06:13,767 - HRP_20251210 - INFO - 2007-08-01 00:00:00
2025-12-10 11:06:13,767 - HRP_20251210 - INFO - 2007-09-03 00:00:00
2025-12-10 11:06:13,935 - HRP_20251210 - INFO - 初始化benchmark策略...
2025-12-10 11:06:13,935 - HRP_20251210 - INFO - 添加Benchmark: FixRatio - FixRatio
2025-12-10 11:06:13,935 - HRP_20251210 - INFO - HRP策略初始化配置信息: {'strategy_name': 'HRP_strategy'}
2025-12-10 11:06:13,935 - HRP_20251210 - INFO - ============================================================
2025-12-10 11:06:13,935 - HRP_20251210 - INFO - 开始运行回测
2025-12-10 11:06:13,936 - HRP_20251210 - INFO - ============================================================
2025-12-10 11:06:13,936 - HRP_20251210 - INFO - ============================================================
2025-12-10 11:06:13,936 - HRP_20251210 - INFO - 开始回测策略: HRP
2025-12-10 11:06:13,936 - HRP_20251210 - INFO - ============================================================
2025-12-10 11:06:13,962 - HRP_20251210 - INFO - 回测日期: 2007-07-02, 权重: [0.00042288436597410595, 0.0005150582145337587, 0.8504173832442375, 0.1360723907038543, 0.000878097223045544, 0.0012628630611126591, 0.0067580111491699225, 0.0008485685415902559, 0.002824743496481826]
2025-12-10 11:06:13,983 - HRP_20251210 - INFO - 回测日期: 2007-08-01, 权重: [0.0005591649528305808, 0.0006300014306832545, 0.8102755922248273, 0.15715057924300746, 0.0011565411356405527, 0.003558386766209935, 0.017037623960293097, 0.002593936904591974, 0.007038173381915844]
2025-12-10 11:06:14,006 - HRP_20251210 - INFO - 回测日期: 2007-09-03, 权重: [0.0006772823557938773, 0.0006445211664850674, 0.7722845961638621, 0.19581983706609876, 0.0012706837861358334, 0.003976666609008861, 0.013515509603113422, 0.0035653184898718107, 0.008245584759630276]
2025-12-10 11:06:14,026 - HRP_20251210 - INFO - 回测日期: 2007-10-08, 权重: [0.0010813958537648231, 0.001144338783609758, 0.7555003418176651, 0.20592809419217084, 0.001755867875720452, 0.004276187112005906, 0.01621679715977873, 0.004843102971130758, 0.00925387423415366]
2025-12-10 11:06:14,043 - HRP_20251210 - INFO - 回测日期: 2007-11-01, 权重: [0.0011597097372862794, 0.001199854299205011, 0.7692517351124778, 0.19923874370493136, 0.0018324407666275638, 0.003801556120710508, 0.012833990987922629, 0.004039355470618905, 0.0066426138002199375]
2025-12-10 11:06:14,063 - HRP_20251210 - INFO - 回测日期: 2007-12-03, 权重: [0.0010042880883550152, 0.0011496739371190143, 0.7744087700640802, 0.20094811153093933, 0.0016459108121085204, 0.003845170484221318, 0.009359923899060249, 0.0030258051641812752, 0.004612346019935015]
2025-12-10 11:06:14,081 - HRP_20251210 - INFO - 回测日期: 2008-01-02, 权重: [0.001167022484161605, 0.0015794163400954908, 0.7218549267107965, 0.25215847712158157, 0.001828689303992374, 0.004055474079904095, 0.009176657493736006, 0.0030663067860280013, 0.005113029679704333]
2025-12-10 11:06:14,102 - HRP_20251210 - INFO - 回测日期: 2008-02-01, 权重: [0.0012414003878364818, 0.0010899498105352238, 0.6844356578174242, 0.28846870346940773, 0.002495785231715531, 0.004250831957238541, 0.010962260984963218, 0.002838858501427879, 0.004216551839451243]
2025-12-10 11:06:14,120 - HRP_20251210 - INFO - 回测日期: 2008-03-03, 权重: [0.0011789486977717728, 0.0017217357552000417, 0.6712423320804334, 0.30444898821969535, 0.0018597966210577679, 0.003851283282301378, 0.009080408022066765, 0.0031107840793830723, 0.0035057232420904654]
2025-12-10 11:06:14,139 - HRP_20251210 - INFO - 回测日期: 2008-04-01, 权重: [0.0005896392792278587, 0.0006594167707150557, 0.5397266987646442, 0.4426225596997736, 0.0012490616485404038, 0.004648753153496731, 0.004550980575545791, 0.0023883880077377206, 0.003564502100318624]
2025-12-10 11:06:14,159 - HRP_20251210 - INFO - 回测日期: 2008-05-05, 权重: [0.00037376261453385266, 0.0004674582988765579, 0.49342436126468475, 0.4928501515495642, 0.0010543746339321907, 0.003708032097150407, 0.0037370461091495656, 0.001940648709219283, 0.0024441647228891504]
2025-12-10 11:06:14,177 - HRP_20251210 - INFO - 回测日期: 2008-06-02, 权重: [0.00042782519871767654, 0.0005458572860235699, 0.46364176704386517, 0.5198261761786687, 0.001260604568972657, 0.004758912453825019, 0.004399990756599471, 0.0021990541013406518, 0.002939812411987117]
2025-12-10 11:06:14,196 - HRP_20251210 - INFO - 回测日期: 2008-07-01, 权重: [0.0004886981991383089, 0.0005934797785228403, 0.4282934862048055, 0.559145402343828, 0.0016911291252499194, 0.002944358302923671, 0.0026563061374257142, 0.0015448516089687165, 0.0026422882991373863]
2025-12-10 11:06:14,218 - HRP_20251210 - INFO - 回测日期: 2008-08-01, 权重: [0.0004903460460317032, 0.0005765548990627031, 0.461957078824513, 0.5240993373259588, 0.0026679671324685433, 0.003633613617295036, 0.0023956535348024213, 0.0013357399046427553, 0.0028437087152250154]
2025-12-10 11:06:14,237 - HRP_20251210 - INFO - 回测日期: 2008-09-01, 权重: [0.0005297688816300874, 0.0005749916344375284, 0.47822682349767304, 0.5092517937580163, 0.003088327412130815, 0.0027327334381369657, 0.0019375949644008538, 0.0013711945401129895, 0.0022867718734612993]
2025-12-10 11:06:14,255 - HRP_20251210 - INFO - 回测日期: 2008-10-06, 权重: [0.0013344225557804096, 0.001437669824505047, 0.4713569496758676, 0.48928302636538223, 0.012732204644360588, 0.007931251150094252, 0.006819674513243103, 0.0025393194698026273, 0.006565481800964093]
2025-12-10 11:06:14,274 - HRP_20251210 - INFO - 回测日期: 2008-11-03, 权重: [0.006337908808847815, 0.005611293987678906, 0.43944972908767155, 0.42562471593340767, 0.08062320673764097, 0.010446538704772544, 0.01306843868592104, 0.00376308747890167, 0.015075080575157843]
2025-12-10 11:06:14,293 - HRP_20251210 - INFO - 回测日期: 2008-12-01, 权重: [0.006438831065485913, 0.005298405139976484, 0.41331265930841304, 0.39034308898633724, 0.14002450305492561, 0.010700086530281299, 0.015048421097776408, 0.0033433481952713767, 0.01549065662153258]
2025-12-10 11:06:14,314 - HRP_20251210 - INFO - 回测日期: 2009-01-05, 权重: [0.007115451630225906, 0.0054870314364409735, 0.38992106556025014, 0.37210335029673974, 0.18830369254809426, 0.007809236736814118, 0.013522931200940044, 0.002362513756380819, 0.013374726834113986]
2025-12-10 11:06:14,331 - HRP_20251210 - INFO - 回测日期: 2009-02-02, 权重: [0.00794637570297773, 0.005795287028959355, 0.36762514440854566, 0.3650798712340225, 0.21777128637599313, 0.006754162387525503, 0.01381915177811665, 0.002219829916900578, 0.012988891166958918]
2025-12-10 11:06:14,351 - HRP_20251210 - INFO - 回测日期: 2009-03-02, 权重: [0.003978186288906224, 0.0032522768816506302, 0.3910021285401077, 0.4540449800959373, 0.10841029512499369, 0.007148000303473891, 0.01793914246387374, 0.0023582351919049947, 0.011866755109151778]
2025-12-10 11:06:14,371 - HRP_20251210 - INFO - 回测日期: 2009-04-01, 权重: [0.003822961578796614, 0.0032010820877785176, 0.41377948216517757, 0.4589995241162591, 0.07987137376133478, 0.006472232749211143, 0.018599813176681523, 0.002018609653224306, 0.01323492071153637]
2025-12-10 11:06:14,391 - HRP_20251210 - INFO - 回测日期: 2009-05-04, 权重: [0.004735707677952904, 0.0026381154515495698, 0.39637562146772115, 0.5173178120607705, 0.040751857754624136, 0.004727605344918639, 0.022873643270915418, 0.0010502233450289534, 0.009529413626518742]
2025-12-10 11:06:14,411 - HRP_20251210 - INFO - 回测日期: 2009-06-01, 权重: [0.003589165128676074, 0.003564348008838969, 0.4013210358192996, 0.5380973901290547, 0.02203336457312525, 0.003502416808740716, 0.01747850822147684, 0.0010234592335771925, 0.009390312077210661]
2025-12-10 11:06:14,436 - HRP_20251210 - INFO - 回测日期: 2009-07-01, 权重: [0.00182056888592885, 0.0020647185816336875, 0.36411301272166485, 0.6057931725882046, 0.009289150347406046, 0.0019252860594604737, 0.009182772378496925, 0.0006778255954550892, 0.005133492841749453]
2025-12-10 11:06:14,458 - HRP_20251210 - INFO - 回测日期: 2009-08-03, 权重: [0.0011750985272757039, 0.0014432993375918229, 0.33973450961591706, 0.6416401608431864, 0.0031038988307595466, 0.0014033025359192685, 0.006804722632505982, 0.000616060092489922, 0.004078947584354389]
2025-12-10 11:06:14,475 - HRP_20251210 - INFO - 回测日期: 2009-09-01, 权重: [0.0003712559377029267, 0.0006263396451297042, 0.4172872450685972, 0.5758931959875372, 0.00046881985684032036, 0.000554332635680998, 0.002369271841980505, 0.0002939336307104854, 0.0021356053958205535]
2025-12-10 11:06:14,494 - HRP_20251210 - INFO - 回测日期: 2009-10-09, 权重: [0.0005476217592921478, 0.0003919164783843999, 0.517936373643562, 0.47480277790845093, 0.0006087516608676934, 0.0005638565687561783, 0.002736922347657893, 0.00027135804984620255, 0.0021404215831825097]
2025-12-10 11:06:14,511 - HRP_20251210 - INFO - 回测日期: 2009-11-02, 权重: [0.0005925099538170383, 0.0006212654702709882, 0.5423309147715932, 0.4503456675403545, 0.0006401437428387364, 0.0005518739863342634, 0.0018607135170226516, 0.0004614032882945378, 0.0025955077294739677]
2025-12-10 11:06:14,531 - HRP_20251210 - INFO - 回测日期: 2009-12-01, 权重: [0.0005604642418770194, 0.0005672210440127114, 0.5290119986415726, 0.4645355992431224, 0.0006333561806530414, 0.0005744807934127381, 0.0015772919601428133, 0.0004719668894236512, 0.00206762100578313]
2025-12-10 11:06:14,551 - HRP_20251210 - INFO - 回测日期: 2010-01-04, 权重: [0.0005450044783260368, 0.0005000020061368775, 0.5620027147148615, 0.43155976415002, 0.0006296370300492977, 0.0006645518431513677, 0.0016171788009832374, 0.0005339322434373761, 0.0019472147330342408]
2025-12-10 11:06:14,568 - HRP_20251210 - INFO - 回测日期: 2010-02-01, 权重: [0.0003482642937888449, 0.0003009765861905525, 0.676516625610982, 0.3196146701615356, 0.0004462025393416888, 0.0003732643663802292, 0.0009316419623069706, 0.0003611774597005446, 0.001107177019773456]
2025-12-10 11:06:14,584 - HRP_20251210 - INFO - 回测日期: 2010-03-01, 权重: [0.0006552753828872349, 0.0006703917355988632, 0.586984836421766, 0.4061390447097587, 0.001093857837936341, 0.0006699533724738557, 0.0016610493826264305, 0.0006050942922883462, 0.0015204968646641873]
2025-12-10 11:06:14,604 - HRP_20251210 - INFO - 回测日期: 2010-04-01, 权重: [0.0012089079330819623, 0.000963959549841061, 0.5171880021981534, 0.4717997747150472, 0.002884293838549453, 0.0009154823020821554, 0.002552923211822046, 0.000758095979457572, 0.0017285602719651384]
2025-12-10 11:06:14,622 - HRP_20251210 - INFO - 回测日期: 2010-05-04, 权重: [0.0008930288910527824, 0.0006287681003675804, 0.3464925312750333, 0.6452054346466349, 0.0025712766908552284, 0.0006100761543943731, 0.0018004090957129818, 0.0005400426785306172, 0.0012584324674181683]
2025-12-10 11:06:14,640 - HRP_20251210 - INFO - 回测日期: 2010-06-01, 权重: [0.0008807701241469101, 0.00043417344201452713, 0.31635799829371003, 0.6740970118237886, 0.00313722637898144, 0.0008410146757982606, 0.0028789863418951815, 0.00032496889902423247, 0.001047850020640811]
2025-12-10 11:06:14,658 - HRP_20251210 - INFO - 回测日期: 2010-07-01, 权重: [0.00035574335476921563, 0.00026590838591645534, 0.29803823029367543, 0.6895861625592893, 0.0026049216108985137, 0.0009141422669720309, 0.004056503197729108, 0.0007929136291073668, 0.003385474701642594]
2025-12-10 11:06:14,677 - HRP_20251210 - INFO - 回测日期: 2010-08-02, 权重: [0.0008297136726317529, 0.000910488036851643, 0.28090559112199015, 0.7037427536425463, 0.003290501408952579, 0.0010538774206176164, 0.006132526052718263, 0.0005297095635521448, 0.0026048390801395004]
2025-12-10 11:06:14,696 - HRP_20251210 - INFO - 回测日期: 2010-09-01, 权重: [0.0006868995100710828, 0.0007721652718571345, 0.2985969291251843, 0.684841329005888, 0.005956172701755422, 0.0010083869514475885, 0.00430466729007622, 0.0005922201289372611, 0.0032412300147830423]
2025-12-10 11:06:14,715 - HRP_20251210 - INFO - 回测日期: 2010-10-08, 权重: [0.0007279664770441219, 0.000756067695575596, 0.32216086362045054, 0.6605797498717332, 0.006958101834776278, 0.0011184269169271053, 0.0037457938196618747, 0.0005932183841214664, 0.003359811379709902]
2025-12-10 11:06:14,732 - HRP_20251210 - INFO - 回测日期: 2010-11-01, 权重: [0.0008761438530056162, 0.0006595754240079337, 0.31040332003693505, 0.6543281488650216, 0.010003864354584861, 0.0026445152118641244, 0.005599466339879475, 0.002592504309747329, 0.01289246160495408]
2025-12-10 11:06:14,751 - HRP_20251210 - INFO - 回测日期: 2010-12-01, 权重: [0.00331092946916647, 0.0023870094313640927, 0.32471147986345256, 0.633584769440003, 0.017974421591767046, 0.0022184335592241393, 0.003485436298214934, 0.0024532350596635074, 0.0098742852871442]
2025-12-10 11:06:14,770 - HRP_20251210 - INFO - 回测日期: 2011-01-04, 权重: [0.003568568497603729, 0.002552272773184723, 0.3097543978132173, 0.6459459474390873, 0.018340774888827648, 0.0026080374748231184, 0.0031439554161348158, 0.003431267761976575, 0.010654777935144893]
2025-12-10 11:06:14,790 - HRP_20251210 - INFO - 回测日期: 2011-02-01, 权重: [0.0035772527720974367, 0.00267579525893581, 0.3002093063329378, 0.6570159938279587, 0.016842912836616115, 0.0024867592806287297, 0.002695261248106417, 0.0037985732915784007, 0.010698145151140663]
2025-12-10 11:06:14,806 - HRP_20251210 - INFO - 回测日期: 2011-03-01, 权重: [0.0012793385654551648, 0.0010281464063158702, 0.27462628315888743, 0.6797080177111897, 0.010630651851094642, 0.0064915853650549995, 0.006331976961732767, 0.003801621200160784, 0.016102378780108572]
2025-12-10 11:06:14,826 - HRP_20251210 - INFO - 回测日期: 2011-04-01, 权重: [0.0012986576038720033, 0.0010693189783332437, 0.2644448148040009, 0.6908268450718282, 0.010270212558780785, 0.006676863573309159, 0.006355772220307186, 0.0033024136644031524, 0.015755101525165238]
2025-12-10 11:06:14,843 - HRP_20251210 - INFO - 回测日期: 2011-05-03, 权重: [0.0028673424615199405, 0.0019947555838635027, 0.28307623922862823, 0.6798770575636017, 0.016232713876946053, 0.0019377387378706709, 0.002140957877043132, 0.0021351200540373006, 0.009738074616489421]
2025-12-10 11:06:14,861 - HRP_20251210 - INFO - 回测日期: 2011-06-01, 权重: [0.001096298003989757, 0.0007942727870057202, 0.27695777026851714, 0.6946206588988335, 0.013779794555508032, 0.0021755634704998376, 0.002782448039054941, 0.0009105524448034785, 0.006882641531787577]
2025-12-10 11:06:14,879 - HRP_20251210 - INFO - 回测日期: 2011-07-01, 权重: [0.001107349572476061, 0.000770871305810951, 0.25747279720725585, 0.7081183190111011, 0.017666990731848714, 0.0026037841996628154, 0.0033270193629206194, 0.0008772357797695253, 0.008055632829154231]
2025-12-10 11:06:14,897 - HRP_20251210 - INFO - 回测日期: 2011-08-01, 权重: [0.0011597476939333325, 0.000813450019930765, 0.24853260386465417, 0.7183939914110367, 0.018908943059730683, 0.002210126239916334, 0.0031309476455368716, 0.0007571000059948929, 0.006093090059266361]
2025-12-10 11:06:14,916 - HRP_20251210 - INFO - 回测日期: 2011-09-01, 权重: [0.0023718627949348065, 0.0017156025182489723, 0.24216800015779483, 0.7193521458673414, 0.021172022446146608, 0.0027382574481718963, 0.005401411785362931, 0.001081512635825224, 0.003999184346173301]
2025-12-10 11:06:14,934 - HRP_20251210 - INFO - 回测日期: 2011-10-10, 权重: [0.0027207354868957544, 0.0012720652720927242, 0.216600962660216, 0.7610872051662412, 0.010401248567158336, 0.0018559097025282435, 0.004290062894512233, 0.0006528966655461816, 0.0011189135848093698]
2025-12-10 11:06:14,949 - HRP_20251210 - INFO - 回测日期: 2011-11-01, 权重: [0.004193198062291388, 0.0019181397216080074, 0.30980312576461955, 0.6563624408246824, 0.014570449504250677, 0.002628081574810688, 0.007408323596288107, 0.0011389773692947966, 0.001977263582154399]
2025-12-10 11:06:14,968 - HRP_20251210 - INFO - 回测日期: 2011-12-01, 权重: [0.002722147316842987, 0.002058722836615386, 0.31505430162234777, 0.6482792262422661, 0.01666693743360183, 0.0022097404409436566, 0.007207747730532172, 0.0028049931501049857, 0.002996183226745121]
2025-12-10 11:06:14,986 - HRP_20251210 - INFO - 回测日期: 2012-01-04, 权重: [0.003294721839261451, 0.0023927505106223286, 0.36875536513405777, 0.5876888730440252, 0.0195064104278966, 0.0025336040777761536, 0.009457364292565548, 0.0031645300111234924, 0.003206380662671563]
2025-12-10 11:06:15,002 - HRP_20251210 - INFO - 回测日期: 2012-02-01, 权重: [0.00270701542771447, 0.0019001681637955282, 0.4083076992509644, 0.5508755585613203, 0.017564953838051893, 0.0026314148473939565, 0.009889405257086387, 0.0029671816273851804, 0.003156603026287823]
2025-12-10 11:06:15,021 - HRP_20251210 - INFO - 回测日期: 2012-03-01, 权重: [0.0027934847022497277, 0.0020207841227173748, 0.41834995876300485, 0.5391724648299674, 0.01810689039521137, 0.002730538823468594, 0.010055383525978106, 0.00348371270904933, 0.0032867821283532076]
2025-12-10 11:06:15,040 - HRP_20251210 - INFO - 回测日期: 2012-04-05, 权重: [0.0022265998827341814, 0.0014579955647159783, 0.4227687848517517, 0.5339785750791768, 0.02370683404234506, 0.00207576037996378, 0.007665066718562791, 0.0030841489046707082, 0.003036234576078985]
2025-12-10 11:06:15,058 - HRP_20251210 - INFO - 回测日期: 2012-05-02, 权重: [0.0019701729503737954, 0.0012232255809062047, 0.46281806672853804, 0.488591075417362, 0.02303264717606037, 0.0029732635944606047, 0.012377326475051922, 0.0026801033188605266, 0.004334118758386531]
2025-12-10 11:06:15,077 - HRP_20251210 - INFO - 回测日期: 2012-06-01, 权重: [0.003619392577040398, 0.0026338561066356525, 0.40229701754732233, 0.5301153425884504, 0.03658236362946134, 0.0050708427374340686, 0.01149640449101576, 0.003220535712715755, 0.004964244609924416]
2025-12-10 11:06:15,094 - HRP_20251210 - INFO - 回测日期: 2012-07-02, 权重: [0.002772204184421892, 0.001276963166799647, 0.4005960309487266, 0.5483724106500091, 0.028307166949396355, 0.004794979883216852, 0.009808983281853765, 0.0012985409779833156, 0.002772719957592496]
2025-12-10 11:06:15,113 - HRP_20251210 - INFO - 回测日期: 2012-08-01, 权重: [0.0036134889452718957, 0.0015021190762881031, 0.353567714731528, 0.5751393303951406, 0.05051617392136603, 0.003997566517045023, 0.007631179736281522, 0.001504505380284972, 0.002527921296793911]
2025-12-10 11:06:15,134 - HRP_20251210 - INFO - 回测日期: 2012-09-03, 权重: [0.0035167274447789844, 0.0013970196166232087, 0.318060505968772, 0.6097324739933813, 0.05266769100119594, 0.004088575670738187, 0.0065638230019574185, 0.0014034912698753042, 0.0025696920326777374]
2025-12-10 11:06:15,153 - HRP_20251210 - INFO - 回测日期: 2012-10-08, 权重: [0.003508338504566438, 0.0016254358746478931, 0.30203773401304695, 0.620274931328072, 0.057723612513747295, 0.0033340910867437896, 0.007077746463075059, 0.0014377251212600488, 0.0029803850948405194]
2025-12-10 11:06:15,171 - HRP_20251210 - INFO - 回测日期: 2012-11-01, 权重: [0.003817755380751356, 0.001741377526112271, 0.3039312780537426, 0.607768918948699, 0.06787714267962422, 0.0032227733854318205, 0.007089315924199456, 0.0014224487523411104, 0.003128989349098148]
2025-12-10 11:06:15,190 - HRP_20251210 - INFO - 回测日期: 2012-12-03, 权重: [0.0025631279504838805, 0.00138974987940801, 0.3579987835804358, 0.5765097807930275, 0.0506968093374433, 0.0017668876260310332, 0.003975957334878264, 0.0013316170560944882, 0.0037672864421976864]
2025-12-10 11:06:15,210 - HRP_20251210 - INFO - 回测日期: 2013-01-04, 权重: [0.0011661862155875604, 0.0005685678839102196, 0.3127871864762712, 0.65625560272691, 0.020908560114592113, 0.0016647094692189474, 0.0032332882921900577, 0.0008179834216789702, 0.0025979153996410114]
2025-12-10 11:06:15,230 - HRP_20251210 - INFO - 回测日期: 2013-02-01, 权重: [0.0009691019360072972, 0.0006749195582695519, 0.31164840522255616, 0.6683603803699422, 0.009223842536150011, 0.0012377602935835978, 0.0046841638932941685, 0.001489002402054328, 0.0017124237881426267]
2025-12-10 11:06:15,246 - HRP_20251210 - INFO - 回测日期: 2013-03-01, 权重: [0.000885469139314367, 0.000720883871376006, 0.35938087687667747, 0.6227379147631183, 0.007483029471611802, 0.0011256076571755866, 0.004670990285972675, 0.0015712814920340928, 0.001423946442719731]
2025-12-10 11:06:15,266 - HRP_20251210 - INFO - 回测日期: 2013-04-01, 权重: [0.00041949509448901495, 0.0002728942434721907, 0.4413555026379695, 0.548785674509878, 0.003008491536774251, 0.0009697784359729925, 0.003160587366031084, 0.0006470271521639701, 0.0013805490232488978]
2025-12-10 11:06:15,283 - HRP_20251210 - INFO - 回测日期: 2013-05-02, 权重: [0.0006614607925510597, 0.00047529973337716893, 0.5477994408053125, 0.43830740068495927, 0.004146694116868313, 0.0013256264937123899, 0.005671702515133861, 0.0008741594331820878, 0.000738215424903332]
2025-12-10 11:06:15,303 - HRP_20251210 - INFO - 回测日期: 2013-06-03, 权重: [0.0006713886884376455, 0.0004964929556743549, 0.5716041388047668, 0.41367689281898784, 0.003635495600603984, 0.0010972433954065863, 0.006928731871628127, 0.0011081041624583416, 0.0007815117020364342]
2025-12-10 11:06:15,321 - HRP_20251210 - INFO - 回测日期: 2013-07-01, 权重: [0.0018050470218424514, 0.0015775320777682495, 0.3970334306996835, 0.5591403875220802, 0.00785762002395701, 0.0034879849873893226, 0.02332122966596551, 0.0034136741110800486, 0.0023630938902337068]
2025-12-10 11:06:15,342 - HRP_20251210 - INFO - 回测日期: 2013-08-01, 权重: [0.0021771175875726955, 0.00266779242723186, 0.39628426425586344, 0.5528551483653642, 0.010296458395675065, 0.004111142721857996, 0.022160348221564475, 0.0060818629247968645, 0.003365865100073499]
2025-12-10 11:06:15,362 - HRP_20251210 - INFO - 回测日期: 2013-09-02, 权重: [0.002621571935987518, 0.0030821756719372605, 0.34464907441456083, 0.6026450752590717, 0.013730451806288428, 0.004391696389287782, 0.019390765968284294, 0.006024228979534394, 0.0034649595750477456]
2025-12-10 11:06:15,381 - HRP_20251210 - INFO - 回测日期: 2013-10-08, 权重: [0.002972496894038188, 0.003690837880162431, 0.32870697631533263, 0.6165896814013189, 0.013545073025016586, 0.005075851002090965, 0.0204339414957334, 0.0055192455038716, 0.0034658964824353738]
2025-12-10 11:06:15,398 - HRP_20251210 - INFO - 回测日期: 2013-11-01, 权重: [0.0028697796501268116, 0.003358866789036714, 0.32047435485670017, 0.6224726377225483, 0.013837510182346283, 0.005822032984942223, 0.02009534640440076, 0.006111305370333774, 0.00495816603956496]
2025-12-10 11:06:15,417 - HRP_20251210 - INFO - 回测日期: 2013-12-02, 权重: [0.003290690371650525, 0.004068442989549935, 0.23682502701284766, 0.6894994816334112, 0.01716131683791928, 0.00994740289687157, 0.026173436363700793, 0.006610598028102757, 0.006423603865946164]
2025-12-10 11:06:15,436 - HRP_20251210 - INFO - 回测日期: 2014-01-02, 权重: [0.0017959672652287026, 0.002313909987751011, 0.17657962104474423, 0.7783669343285429, 0.012540429769559044, 0.006954080152289604, 0.013846084298657533, 0.004008034533242171, 0.003594938619984792]
2025-12-10 11:06:15,457 - HRP_20251210 - INFO - 回测日期: 2014-02-07, 权重: [0.0018695217151827993, 0.0022450332898192988, 0.13899289882560217, 0.819967240895781, 0.009968376350939532, 0.006389352891146678, 0.01296809601816212, 0.003418409087218841, 0.004181070926147617]
2025-12-10 11:06:15,475 - HRP_20251210 - INFO - 回测日期: 2014-03-03, 权重: [0.002632090090172284, 0.002966822240061335, 0.17955455711582605, 0.763651300512998, 0.012529046955782544, 0.009589731717461546, 0.018282976178647166, 0.0044486839715691335, 0.006344791217481855]
2025-12-10 11:06:15,493 - HRP_20251210 - INFO - 回测日期: 2014-04-01, 权重: [0.002637634250135055, 0.0025710652843545585, 0.17903047403560335, 0.7516040689067999, 0.016864164060243773, 0.00925956130606846, 0.02554647707626214, 0.0053364257921636946, 0.0071501292883691175]
2025-12-10 11:06:15,512 - HRP_20251210 - INFO - 回测日期: 2014-05-05, 权重: [0.0026763037372601025, 0.002765595289818921, 0.1744681136068958, 0.7566349783585652, 0.016385423169476065, 0.009102755209631209, 0.02352101205340128, 0.006662512559637008, 0.00778330601531445]
2025-12-10 11:06:15,532 - HRP_20251210 - INFO - 回测日期: 2014-06-03, 权重: [0.0023044101392150564, 0.002232127231012786, 0.15942708587783147, 0.7848997402949398, 0.013824836738432867, 0.006478421534924622, 0.017765706070002902, 0.006660353676540395, 0.006407318437100149]
2025-12-10 11:06:15,552 - HRP_20251210 - INFO - 回测日期: 2014-07-01, 权重: [0.002178061467422757, 0.0023341008826234565, 0.2134329337185526, 0.739206363772126, 0.012473544439560601, 0.005063068056143902, 0.01389268106590018, 0.005697113345726089, 0.005722133251944396]
2025-12-10 11:06:15,571 - HRP_20251210 - INFO - 回测日期: 2014-08-01, 权重: [0.004095683962258005, 0.0038427022109588736, 0.20976375376504802, 0.7176856827464634, 0.023643163405863997, 0.007475604668748662, 0.016732733442377756, 0.007907234164169937, 0.008853441634111378]
2025-12-10 11:06:15,590 - HRP_20251210 - INFO - 回测日期: 2014-09-01, 权重: [0.0019215353567951206, 0.002308175365085059, 0.18139174320707913, 0.7776758350594023, 0.01213262873464429, 0.004725033728615545, 0.009824836342456325, 0.004174290127527472, 0.005845922078394801]
2025-12-10 11:06:15,632 - HRP_20251210 - INFO - 回测日期: 2014-10-08, 权重: [0.0016468313242812014, 0.0012441045047711587, 0.13417749040831228, 0.8328814780046965, 0.011110591064616713, 0.003810786528642463, 0.006567595230991119, 0.0035456682737856284, 0.005015454659902907]
2025-12-10 11:06:15,650 - HRP_20251210 - INFO - 回测日期: 2014-11-03, 权重: [0.0024689176435863224, 0.0029311807365611188, 0.149573385304212, 0.8078081270350487, 0.007211918710092566, 0.008063232890056211, 0.013074681637822003, 0.0026614969351278256, 0.006207059107493364]
2025-12-10 11:06:15,668 - HRP_20251210 - INFO - 回测日期: 2014-12-01, 权重: [0.006927189247606382, 0.005860408849039154, 0.19842691170047175, 0.7282318809223445, 0.019511201452220017, 0.010432487059393869, 0.014678253360499788, 0.005252038248010774, 0.010679629160413765]
2025-12-10 11:06:15,691 - HRP_20251210 - INFO - 回测日期: 2015-01-05, 权重: [0.005357339415578514, 0.009029484378882758, 0.3510127354851756, 0.5669190567096827, 0.0047580345450539225, 0.01731539832568259, 0.024390942785140705, 0.0058246852284563645, 0.015392323126346849]
2025-12-10 11:06:15,709 - HRP_20251210 - INFO - 回测日期: 2015-02-02, 权重: [0.0028574700744140305, 0.003983945686836194, 0.3522434820595616, 0.5667814935434446, 0.0038239341990576464, 0.020342640566487893, 0.03365785761794519, 0.005060867150115179, 0.011248309102137597]
2025-12-10 11:06:15,725 - HRP_20251210 - INFO - 回测日期: 2015-03-02, 权重: [0.0027481161409381835, 0.003921474839116155, 0.35148399659145574, 0.5701068949429776, 0.0035487257712016533, 0.019433574392980626, 0.03381417428643903, 0.004091433345045949, 0.01085160968984518]
2025-12-10 11:06:15,744 - HRP_20251210 - INFO - 回测日期: 2015-04-01, 权重: [0.0029584253111090593, 0.004492951761738159, 0.34362873932517257, 0.5753317733212373, 0.0038735914708777942, 0.020667737499923174, 0.033658426855113964, 0.0036613270458180362, 0.011727027409009981]
2025-12-10 11:06:15,762 - HRP_20251210 - INFO - 回测日期: 2015-05-04, 权重: [0.002891735950660245, 0.00383777548976966, 0.33964710663877123, 0.5766036676847969, 0.003542844891843265, 0.01977609689730438, 0.03838604544838646, 0.003396627153497791, 0.011918099844970187]
2025-12-10 11:06:15,782 - HRP_20251210 - INFO - 回测日期: 2015-06-01, 权重: [0.0020889502800633853, 0.002550941916550398, 0.3462599904695584, 0.5748538526165483, 0.002751187395517731, 0.017415665229843648, 0.03730436352108002, 0.0029156410884193266, 0.013859407482418836]
2025-12-10 11:06:15,802 - HRP_20251210 - INFO - 回测日期: 2015-07-01, 权重: [0.0006062026767638162, 0.0006136522686346731, 0.2415475666217995, 0.7374332223953277, 0.0006231717155024182, 0.0037267354075486998, 0.008541644267265516, 0.00083976566548659, 0.006068038981671112]
2025-12-10 11:06:15,822 - HRP_20251210 - INFO - 回测日期: 2015-08-03, 权重: [0.00048220469419253534, 0.0007180887816092677, 0.24021592741797257, 0.7423893181014298, 0.00021929161337527943, 0.0026198580051357847, 0.005923043912706452, 0.0010074923799528194, 0.006424775093625534]
2025-12-10 11:06:15,842 - HRP_20251210 - INFO - 回测日期: 2015-09-01, 权重: [0.00035202053418916977, 0.0005059892415464037, 0.23333222123529862, 0.7483677841795843, 0.00018624526653943042, 0.0027656984796733666, 0.006111134842872157, 0.0008181513729037089, 0.007560754847392845]
2025-12-10 11:06:15,860 - HRP_20251210 - INFO - 回测日期: 2015-10-08, 权重: [0.0002496102999466581, 0.0003270876306266031, 0.21268228134004208, 0.772963351101102, 0.00013561811258663286, 0.002106029319177447, 0.004867875673168112, 0.0005862606490555472, 0.006081885874294915]
2025-12-10 11:06:15,877 - HRP_20251210 - INFO - 回测日期: 2015-11-02, 权重: [0.0002433997064149485, 0.00017177438673120107, 0.217150916191012, 0.7701924379043503, 0.00021533075584512777, 0.0020219190864950868, 0.004703773801685523, 0.0005397390626855683, 0.00476070910478019]
2025-12-10 11:06:15,897 - HRP_20251210 - INFO - 回测日期: 2015-12-01, 权重: [0.00026544385971052084, 0.00018851529025112543, 0.2127525959491122, 0.7735215902236605, 0.0002460302395394777, 0.002325262309293702, 0.0050290982206397114, 0.0005879860097435013, 0.005083477898049187]
2025-12-10 11:06:15,918 - HRP_20251210 - INFO - 回测日期: 2016-01-04, 权重: [0.00017140077096024564, 0.00012132732517669509, 0.22104373490350088, 0.7647672129479856, 0.0002043324179567, 0.001952068768453119, 0.004343971728858751, 0.0007214338379631576, 0.006674517299144799]
2025-12-10 11:06:15,937 - HRP_20251210 - INFO - 回测日期: 2016-02-01, 权重: [0.0001659210830423276, 0.00010495776512386957, 0.18200348159886506, 0.8022616648204489, 0.0004777708442680095, 0.002388529104892669, 0.005524746892944702, 0.0004885266613019739, 0.006584401229112482]
2025-12-10 11:06:15,954 - HRP_20251210 - INFO - 回测日期: 2016-03-01, 权重: [0.00017347719682997154, 0.00010912519978753619, 0.1823517828576696, 0.8016843767681551, 0.0006693941287387909, 0.002445103982734554, 0.0060166511733255965, 0.000401903398089074, 0.00614818529466978]
2025-12-10 11:06:15,972 - HRP_20251210 - INFO - 回测日期: 2016-04-01, 权重: [0.0005615737539455474, 0.000487837041438521, 0.19755219550975125, 0.7835089461646331, 0.001590115492430305, 0.0037187171200268074, 0.008971881114442337, 0.00030724812366241775, 0.003301485679669794]
2025-12-10 11:06:15,990 - HRP_20251210 - INFO - 回测日期: 2016-05-03, 权重: [0.0008491980433075691, 0.0006533231042272953, 0.2939289957479023, 0.684212891380788, 0.0022803691375993494, 0.0037572447702077984, 0.008551261925546387, 0.0004877237456025625, 0.005278992144818608]
2025-12-10 11:06:16,009 - HRP_20251210 - INFO - 回测日期: 2016-06-01, 权重: [0.000718188235265824, 0.000598687145793858, 0.30593539176438933, 0.6825889285404945, 0.001918255839960024, 0.0013739388463355022, 0.0027125682327933435, 0.0004048718460456567, 0.003749169548922037]
2025-12-10 11:06:16,026 - HRP_20251210 - INFO - 回测日期: 2016-07-01, 权重: [0.000691743289439905, 0.0005482582215490151, 0.31185779679314746, 0.6744467175518373, 0.0027998622928539457, 0.002314490873055374, 0.0036469764672882386, 0.00034645739242908575, 0.0033476971183997225]
2025-12-10 11:06:16,046 - HRP_20251210 - INFO - 回测日期: 2016-08-01, 权重: [0.0012098633702432942, 0.0009535068124586419, 0.36257294530483986, 0.6208873393051667, 0.005004252746458094, 0.001859177876068165, 0.0030151745893984483, 0.0005798172109778505, 0.003917922784388997]
2025-12-10 11:06:16,066 - HRP_20251210 - INFO - 回测日期: 2016-09-01, 权重: [0.0017809647931809397, 0.0011374369184953279, 0.3521679922102958, 0.6330254397101259, 0.006461455767650728, 0.0008931461793819527, 0.0014196988774200674, 0.0004621481462396334, 0.002651717397209516]
2025-12-10 11:06:16,085 - HRP_20251210 - INFO - 回测日期: 2016-10-10, 权重: [0.001988574739320077, 0.0013795751519935758, 0.3596302058204906, 0.6236085625256482, 0.007422393612257435, 0.0009524802150293006, 0.0014117042920150143, 0.0004496899263556988, 0.0031568137168900604]
2025-12-10 11:06:16,104 - HRP_20251210 - INFO - 回测日期: 2016-11-01, 权重: [0.0016292153218033134, 0.001178840198087519, 0.26236650095610037, 0.7224541383280263, 0.0072287530202069, 0.000916687570401095, 0.0014666951892281057, 0.0003394708180328081, 0.002419698598113585]
2025-12-10 11:06:16,124 - HRP_20251210 - INFO - 回测日期: 2016-12-01, 权重: [0.0021230873734408824, 0.0017732889228056026, 0.2272967157423674, 0.7513745365440634, 0.010721524921309348, 0.0012546431411868913, 0.002241079205371348, 0.0004162415271347892, 0.0027988826223204334]
2025-12-10 11:06:16,144 - HRP_20251210 - INFO - 回测日期: 2017-01-03, 权重: [0.007400161225525283, 0.004950172927389952, 0.2806941390273193, 0.6316245551624907, 0.030869950603919515, 0.004870383329153624, 0.011831901581941716, 0.002900874709097502, 0.024857861433162414]
2025-12-10 11:06:16,161 - HRP_20251210 - INFO - 回测日期: 2017-02-03, 权重: [0.007528082833273453, 0.0069282870518750745, 0.22184771222174487, 0.7103097012559221, 0.01763996120091746, 0.0042314815430399486, 0.01335729014675365, 0.001977368852996296, 0.01618011489347714]
2025-12-10 11:06:16,177 - HRP_20251210 - INFO - 回测日期: 2017-03-01, 权重: [0.009721977656403749, 0.009224819399319507, 0.21768208572006295, 0.7040066107104826, 0.020309888706961567, 0.003943452842958242, 0.01458808007218941, 0.0024493915862321583, 0.018073693305389663]
2025-12-10 11:06:16,196 - HRP_20251210 - INFO - 回测日期: 2017-04-05, 权重: [0.010063350530522453, 0.010264177659940232, 0.22005196733939328, 0.6996226852746005, 0.021052696257654695, 0.0037346790738424945, 0.014838510090283615, 0.0027364815127626334, 0.017635452261000068]
2025-12-10 11:06:16,213 - HRP_20251210 - INFO - 回测日期: 2017-05-02, 权重: [0.012212175319667062, 0.006501902345579375, 0.2815373088801733, 0.5992833558200004, 0.036321716161190454, 0.004329136374317936, 0.020015679991664394, 0.0050731373250971126, 0.03472558778230997]
2025-12-10 11:06:16,231 - HRP_20251210 - INFO - 回测日期: 2017-06-01, 权重: [0.014996676563859012, 0.01177410811009667, 0.2690286420756991, 0.5913719364200661, 0.024132203815139187, 0.004921441004979351, 0.02900087787521551, 0.0052746758179386555, 0.04949943831700634]
2025-12-10 11:06:16,249 - HRP_20251210 - INFO - 回测日期: 2017-07-03, 权重: [0.015664943919869338, 0.006412598503828556, 0.23799247515055275, 0.646403156169574, 0.04416064968644167, 0.0029310124638707354, 0.01834399375882092, 0.003383153263314624, 0.024708017083727465]
2025-12-10 11:06:16,268 - HRP_20251210 - INFO - 回测日期: 2017-08-01, 权重: [0.007051031467916172, 0.004486101068222304, 0.2636033286311987, 0.6790641929953992, 0.012280778654472553, 0.0024102821688660506, 0.011756292494638259, 0.002387581223621028, 0.01696041129566566]
2025-12-10 11:06:16,287 - HRP_20251210 - INFO - 回测日期: 2017-09-01, 权重: [0.006717247092508663, 0.002836602123595024, 0.24728753661226155, 0.704722835987547, 0.015527069741222359, 0.001791429422718363, 0.0076623948587018, 0.0013223955609094609, 0.012132488600535786]
2025-12-10 11:06:16,305 - HRP_20251210 - INFO - 回测日期: 2017-10-09, 权重: [0.006762858609492647, 0.0025703595532203805, 0.23176619212913044, 0.7220610058304052, 0.013178483620323535, 0.001738055039670114, 0.008228997922089972, 0.0013597072273264467, 0.012334340068341203]
2025-12-10 11:06:16,322 - HRP_20251210 - INFO - 回测日期: 2017-11-01, 权重: [0.004361428258543701, 0.0026574706580768273, 0.20492992885918715, 0.7618301972123742, 0.005345435641508892, 0.0014655680746384538, 0.0069856127650821526, 0.00114192594747791, 0.011282432583110654]
2025-12-10 11:06:16,341 - HRP_20251210 - INFO - 回测日期: 2017-12-01, 权重: [0.0031532149680413846, 0.0014899324517540656, 0.2210709252355192, 0.7468255508093955, 0.007064041553300287, 0.0016861925248269278, 0.00826976617516864, 0.0009983133056466066, 0.009442062976347395]
2025-12-10 11:06:16,360 - HRP_20251210 - INFO - 回测日期: 2018-01-02, 权重: [0.0018966323658986008, 0.0010025219018857253, 0.22401009507193057, 0.7553170805218992, 0.004961346194885973, 0.001022179960478358, 0.004840676411181966, 0.000660340456610393, 0.0062891271152292205]
2025-12-10 11:06:16,380 - HRP_20251210 - INFO - 回测日期: 2018-02-01, 权重: [0.001744786889094423, 0.0010797169033466402, 0.2258171673278484, 0.7538457469531242, 0.003785847497560807, 0.0010885159044070616, 0.006034319824098896, 0.0006503095404342118, 0.005953589160085345]
2025-12-10 11:06:16,396 - HRP_20251210 - INFO - 回测日期: 2018-03-01, 权重: [0.0011904521457803522, 0.000792130470563246, 0.25502213425844195, 0.7230137218526523, 0.0032647456006129586, 0.001405822924991298, 0.007789807800028465, 0.0007646945799446265, 0.006756490366984837]
2025-12-10 11:06:16,415 - HRP_20251210 - INFO - 回测日期: 2018-04-02, 权重: [0.0010545046158839076, 0.0006539617054211339, 0.26206383726385046, 0.7168167972506454, 0.003461951756644478, 0.0013991644169484238, 0.007056369680334009, 0.0007469587533347751, 0.006746454556937378]
2025-12-10 11:06:16,433 - HRP_20251210 - INFO - 回测日期: 2018-05-02, 权重: [0.0015316662953450816, 0.0010464134542454496, 0.20467323961179015, 0.7549960083752577, 0.0053815897443652665, 0.0028667543205867017, 0.01291466276429668, 0.001468091691290994, 0.01512157374282198]
2025-12-10 11:06:16,453 - HRP_20251210 - INFO - 回测日期: 2018-06-01, 权重: [0.001195254316084044, 0.0008839522370041521, 0.21234011942467607, 0.7541098616171974, 0.004775369417069578, 0.0026637206703077148, 0.009943774948054911, 0.0012699184534580247, 0.012818028916148085]
2025-12-10 11:06:16,472 - HRP_20251210 - INFO - 回测日期: 2018-07-02, 权重: [0.0010321095881276655, 0.0008152961272670869, 0.17650325010756526, 0.7815566378663602, 0.002396649700371295, 0.0018462650844656796, 0.013827042961216212, 0.0015990538967123756, 0.020423694667914143]
2025-12-10 11:06:16,491 - HRP_20251210 - INFO - 回测日期: 2018-08-01, 权重: [0.000942588921364367, 0.0007725209497701765, 0.1812385513548057, 0.7720632590269123, 0.0025943170763548414, 0.0019616372362969274, 0.014683184649645799, 0.0015216660866114236, 0.024222274698238455]
2025-12-10 11:06:16,511 - HRP_20251210 - INFO - 回测日期: 2018-09-03, 权重: [0.0013181180627838992, 0.0016289639473654545, 0.1844887731658594, 0.7711029433875555, 0.00568643982343713, 0.002704561672000074, 0.008648514650649575, 0.001369457720416956, 0.02305222756993199]
2025-12-10 11:06:16,528 - HRP_20251210 - INFO - 回测日期: 2018-10-08, 权重: [0.0011867278076955659, 0.00168475234918984, 0.1687830378550871, 0.7838202687406884, 0.0058304190959448405, 0.003195827250624179, 0.008302418421799067, 0.0013791509810020777, 0.02581739749796888]
2025-12-10 11:06:16,545 - HRP_20251210 - INFO - 回测日期: 2018-11-01, 权重: [0.0006208046131929884, 0.0008569195571444009, 0.18696894219753543, 0.7794086115982313, 0.004346330773109102, 0.002711539993695156, 0.0073957373094060514, 0.001058533836534769, 0.01663258012115078]
2025-12-10 11:06:16,564 - HRP_20251210 - INFO - 回测日期: 2018-12-03, 权重: [0.0004791987715636395, 0.0005148771313181675, 0.1520058781710073, 0.815564989099835, 0.003648841026964557, 0.0025000908772223507, 0.0066517060536734245, 0.00044341871401648537, 0.01819100015439907]
2025-12-10 11:06:16,582 - HRP_20251210 - INFO - 回测日期: 2019-01-02, 权重: [0.0006070359835087208, 0.0008823410130699033, 0.13607900839086512, 0.8285190149638685, 0.005834789088646256, 0.0029478712160618125, 0.008795986097761246, 0.000471619106049444, 0.015862334140168993]
2025-12-10 11:06:16,601 - HRP_20251210 - INFO - 回测日期: 2019-02-01, 权重: [0.0006794094506158666, 0.000986454302433415, 0.13847715634663701, 0.8240988633524242, 0.007005635667962607, 0.0030646124172555795, 0.008381569782672769, 0.0004933601977504132, 0.016812938482248106]
2025-12-10 11:06:16,618 - HRP_20251210 - INFO - 回测日期: 2019-03-01, 权重: [0.0004031253521143245, 0.0004876256142952333, 0.13978121912149336, 0.8345071370902882, 0.002691952785384513, 0.0022923952526930622, 0.006249422849003083, 0.00026440219735898013, 0.013322719737369199]
2025-12-10 11:06:16,638 - HRP_20251210 - INFO - 回测日期: 2019-04-01, 权重: [0.00034350082145675754, 0.00040240210946533263, 0.14923883930993753, 0.8288176961665025, 0.0015611984342931904, 0.002316158630574342, 0.007031879171498863, 0.00027107751426347354, 0.010017247842008069]
2025-12-10 11:06:16,656 - HRP_20251210 - INFO - 回测日期: 2019-05-06, 权重: [0.0004787387555120677, 0.0005711744726193741, 0.12967094693912432, 0.8410995054777259, 0.0015151502931128142, 0.0031272263765789736, 0.00942279830233991, 0.0003377491362935226, 0.013776710246693172]
2025-12-10 11:06:16,676 - HRP_20251210 - INFO - 回测日期: 2019-06-03, 权重: [0.0004373275994423844, 0.00048154882565552647, 0.14441881789780747, 0.8282776942987442, 0.0014027556230151, 0.0030260802589658115, 0.008238186481365041, 0.00035874517603470124, 0.013358843838969627]
2025-12-10 11:06:16,695 - HRP_20251210 - INFO - 回测日期: 2019-07-01, 权重: [0.00031488937234059244, 0.00023803182472040025, 0.15171722906365287, 0.8290517178596571, 0.0016108110018436086, 0.002961203856123738, 0.006202657543823484, 0.00034375437199178773, 0.0075597051058463385]
2025-12-10 11:06:16,715 - HRP_20251210 - INFO - 回测日期: 2019-08-01, 权重: [0.00031093411690496543, 0.00035765944702486756, 0.14055050144113201, 0.8456721346866706, 0.0009266906912802056, 0.0025710912523768865, 0.005096395574499661, 0.0004539987953082859, 0.004060593994802561]
2025-12-10 11:06:16,735 - HRP_20251210 - INFO - 回测日期: 2019-09-02, 权重: [0.0003564023906253776, 0.0002482154101397412, 0.10429310880981753, 0.8861976389923231, 0.002220500939016453, 0.0015259282540640235, 0.0032719412712838335, 0.0004170310434365493, 0.0014692328892934087]
2025-12-10 11:06:16,754 - HRP_20251210 - INFO - 回测日期: 2019-10-08, 权重: [0.0003670104418773299, 0.0004045076920649195, 0.09684232747357492, 0.8937576275883549, 0.0014381755279054358, 0.002065724431687554, 0.0032138846959363795, 0.00030116147516414575, 0.0016095806734344265]
2025-12-10 11:06:16,770 - HRP_20251210 - INFO - 回测日期: 2019-11-01, 权重: [0.00039533670656066326, 0.00042969669007293583, 0.09441380502593871, 0.8981167627351014, 0.0017367179502872161, 0.0012556677701085668, 0.002481482541666298, 0.0001652024742423391, 0.0010053281060218172]
2025-12-10 11:06:16,789 - HRP_20251210 - INFO - 回测日期: 2019-12-02, 权重: [0.0002627885079914555, 0.00017192821972560383, 0.06658729571522708, 0.9279024703684227, 0.0015198690064334834, 0.0005724854337529737, 0.0021737672739117688, 0.00014379604167169842, 0.0006655994328633715]
2025-12-10 11:06:16,808 - HRP_20251210 - INFO - 回测日期: 2020-01-02, 权重: [0.00038797597094925956, 0.00024463311389675543, 0.055118955769979036, 0.9361659090750167, 0.0032766036287240957, 0.001251657464592205, 0.0028098856200590074, 0.00013844831959372133, 0.0006059310371892649]
2025-12-10 11:06:16,825 - HRP_20251210 - INFO - 回测日期: 2020-02-03, 权重: [0.00035385493210138795, 0.00023377141842186966, 0.0503351595720308, 0.9419448726157672, 0.0027357351888342134, 0.0011247507906813644, 0.002584433267984551, 0.00012702761083685035, 0.0005603946033418121]
2025-12-10 11:06:16,843 - HRP_20251210 - INFO - 回测日期: 2020-03-02, 权重: [0.0007720309730456135, 0.0009921053100689927, 0.10142643990155681, 0.8873663777963893, 0.003100568058947172, 0.0012114952618087608, 0.002406486041134927, 0.0003275162119230249, 0.0023969804451253927]
2025-12-10 11:06:16,863 - HRP_20251210 - INFO - 回测日期: 2020-04-01, 权重: [0.0005295464879034821, 0.0003812145331684791, 0.08230452467545299, 0.9061816035888256, 0.005533577940094809, 0.0009911155605710168, 0.0022415992491259295, 0.00012696759318642104, 0.0017098503716713137]
2025-12-10 11:06:16,881 - HRP_20251210 - INFO - 回测日期: 2020-05-06, 权重: [0.0005854114818096627, 0.0004159054305464587, 0.0796529153203201, 0.9081081858975928, 0.006137662890133147, 0.0009555674662098565, 0.0022360478491667626, 8.327216371030997e-05, 0.0018250315005109124]
2025-12-10 11:06:16,901 - HRP_20251210 - INFO - 回测日期: 2020-06-01, 权重: [0.0006664956183706176, 0.00047571876401117884, 0.0797498888343268, 0.9066206385049518, 0.006785880484537558, 0.0010268033520449585, 0.002566799749467078, 8.542365604448188e-05, 0.002022351036245529]
2025-12-10 11:06:16,919 - HRP_20251210 - INFO - 回测日期: 2020-07-01, 权重: [0.0010256713093117404, 0.0008760143843389453, 0.09987696513432813, 0.886710121815466, 0.004586673128227713, 0.0010169042519378739, 0.002749174997216606, 0.00015506341754476216, 0.003003411561628123]
2025-12-10 11:06:16,939 - HRP_20251210 - INFO - 回测日期: 2020-08-03, 权重: [0.0008533180757885155, 0.0006761072090581811, 0.10270990195858572, 0.8789296420814525, 0.006999024052213734, 0.00166168328293594, 0.0044156943800942984, 0.00015053392944234162, 0.0036040950304287857]
2025-12-10 11:06:16,984 - HRP_20251210 - INFO - 回测日期: 2020-09-01, 权重: [0.0007528584498748671, 0.0006229777941490428, 0.09365750544214053, 0.8904545928047628, 0.005722079225315032, 0.0016908190786883986, 0.004850064753011731, 0.0001148721879727236, 0.0021342302640849267]
2025-12-10 11:06:17,004 - HRP_20251210 - INFO - 回测日期: 2020-10-09, 权重: [0.0012625517128638764, 0.0019742676597056382, 0.1310177669781891, 0.8503188187069721, 0.0038048017567090496, 0.0025139925883438394, 0.005984531899419123, 0.0001914190463231248, 0.002931849651474055]
2025-12-10 11:06:17,019 - HRP_20251210 - INFO - 回测日期: 2020-11-02, 权重: [0.0011043049455878053, 0.0018254711438891878, 0.14482986295154943, 0.8370959667723941, 0.003321908875608527, 0.003400468956141292, 0.005843700264174165, 0.00030807233629923434, 0.0022702437543562414]
2025-12-10 11:06:17,038 - HRP_20251210 - INFO - 回测日期: 2020-12-01, 权重: [0.0010802069375502811, 0.001824072454147586, 0.16434412092501782, 0.8200939529320251, 0.003332303288209696, 0.0023909154718569294, 0.0038889486841924233, 0.000613992040430112, 0.0024314872665699917]
2025-12-10 11:06:17,060 - HRP_20251210 - INFO - 回测日期: 2021-01-04, 权重: [0.0004885555435278224, 0.0005978092200732268, 0.11289420605472429, 0.8772174650177815, 0.001487640136625772, 0.0021048319073798424, 0.0033451633153161564, 0.0007431853280880527, 0.001121143476483323]
2025-12-10 11:06:17,078 - HRP_20251210 - INFO - 回测日期: 2021-02-01, 权重: [0.0004012953221754929, 0.00036301504916225966, 0.09235483178230135, 0.9006995815716073, 0.003692598977003319, 0.0005554440742024563, 0.0009124113970872665, 0.0003191372053487831, 0.0007016846211116984]
2025-12-10 11:06:17,095 - HRP_20251210 - INFO - 回测日期: 2021-03-01, 权重: [0.0008224830613250264, 0.0004046040749812618, 0.09477336166005561, 0.8998613161914786, 0.0016770978856071384, 0.00038965579516602665, 0.0007805202539728093, 0.00028378294059380017, 0.001007178136819744]
2025-12-10 11:06:17,115 - HRP_20251210 - INFO - 回测日期: 2021-04-01, 权重: [0.00022703240872379494, 0.00027398801294542416, 0.1097485160761387, 0.8852615389094574, 0.0016999796533871104, 0.0005587568263279974, 0.001268345447087504, 0.00024115711856349475, 0.0007206855473685672]
2025-12-10 11:06:17,134 - HRP_20251210 - INFO - 回测日期: 2021-05-06, 权重: [0.00031634450586398143, 0.00043308980122367465, 0.10786580583954761, 0.8853836007735763, 0.0031529130253020675, 0.00040803683353021216, 0.0011082484626023948, 0.00020256242076188447, 0.0011293983375919045]
2025-12-10 11:06:17,151 - HRP_20251210 - INFO - 回测日期: 2021-06-01, 权重: [0.00019660514111124588, 0.00030520326766408104, 0.07358401516983937, 0.9221889716719244, 0.0021116259133553577, 0.00018303784111186545, 0.0005672946189459496, 0.00014879183819717983, 0.0007144545378505603]
2025-12-10 11:06:17,170 - HRP_20251210 - INFO - 回测日期: 2021-07-01, 权重: [0.00014049194244795826, 0.00022939436372572926, 0.08349808441184715, 0.9133073534045757, 0.00122864103934406, 0.00022994181157424116, 0.0006944791661868124, 0.00018036610101495457, 0.0004912477592834917]
2025-12-10 11:06:17,190 - HRP_20251210 - INFO - 回测日期: 2021-08-02, 权重: [0.00024366182776327022, 0.00042416402451905496, 0.07659438752546262, 0.9180652861729115, 0.002464202803277001, 0.0002285052154524299, 0.0006794357491076652, 0.00018789195253458293, 0.0011124647289718736]
2025-12-10 11:06:17,209 - HRP_20251210 - INFO - 回测日期: 2021-09-01, 权重: [0.0001967395387272996, 0.00035843297280123556, 0.05312501012569567, 0.9422452702452689, 0.00245833813117822, 0.00017018145794736952, 0.0005112673505407444, 0.00012820453334164906, 0.0008065556444988635]
2025-12-10 11:06:17,227 - HRP_20251210 - INFO - 回测日期: 2021-10-08, 权重: [0.0003161255954735299, 0.0004418642870541476, 0.05932433824395359, 0.9354969401755295, 0.0020955925456498602, 0.0003736259456108415, 0.0008435570737135564, 0.00015882194035626328, 0.0009491341926586307]
2025-12-10 11:06:17,244 - HRP_20251210 - INFO - 回测日期: 2021-11-01, 权重: [0.00037943943483767213, 0.0004919324528477471, 0.054472010932790534, 0.9397046026990917, 0.002172613311374032, 0.0003306849149294349, 0.0009628637900316978, 0.0001960575470887398, 0.0012897949170084634]
2025-12-10 11:06:17,263 - HRP_20251210 - INFO - 回测日期: 2021-12-01, 权重: [0.0004100448504613848, 0.00044921097746671463, 0.05034619196309658, 0.9442109695577625, 0.0018975449794913233, 0.00030186383351217945, 0.0009991286590564712, 0.00014408076275067587, 0.001240964416402182]
2025-12-10 11:06:17,282 - HRP_20251210 - INFO - 回测日期: 2022-01-04, 权重: [0.0003859844422985189, 0.0004377198179144089, 0.05141184674805068, 0.9432547424222165, 0.0017312473513622004, 0.0002921128301810187, 0.001059817696988818, 0.00012389864004488582, 0.0013026300509429234]
2025-12-10 11:06:17,299 - HRP_20251210 - INFO - 回测日期: 2022-02-07, 权重: [0.0003173943203923636, 0.0002992699974561471, 0.04768351292772177, 0.9481161876406523, 0.0012875533506764908, 0.00023550099836333886, 0.0008726547088200217, 0.00011635061503570805, 0.00107157544088186]
2025-12-10 11:06:17,316 - HRP_20251210 - INFO - 回测日期: 2022-03-01, 权重: [0.0005370504436777702, 0.0004525615718315864, 0.07444118829268423, 0.9203614760497167, 0.0015667297642906364, 0.00020955191139082337, 0.0007872562318225829, 0.0001523237973004528, 0.0014918619372850976]
2025-12-10 11:06:17,336 - HRP_20251210 - INFO - 回测日期: 2022-04-01, 权重: [0.00039581822836406023, 0.00035098040958564717, 0.08542813691965298, 0.9099721677174708, 0.0016075660260661505, 0.0003129977643007446, 0.0009041692024820952, 6.742092573919085e-05, 0.0009607428063383581]
2025-12-10 11:06:17,355 - HRP_20251210 - INFO - 回测日期: 2022-05-05, 权重: [0.0003151320946825506, 0.0004185035937472811, 0.10329394058127245, 0.8932522978260375, 0.0009509410869040779, 0.00015402062794418414, 0.0005552893006359721, 8.681617657814617e-05, 0.000973058712197806]
2025-12-10 11:06:17,374 - HRP_20251210 - INFO - 回测日期: 2022-06-01, 权重: [0.00030571218270148315, 0.00039847836673955996, 0.10647637178588763, 0.8898991317807317, 0.00102835976544803, 0.00017422492999291536, 0.000573971679432792, 8.433279903497193e-05, 0.001059416710030968]
2025-12-10 11:06:17,392 - HRP_20251210 - INFO - 回测日期: 2022-07-01, 权重: [0.00030205440106138837, 0.00039650409275504605, 0.12348723795568799, 0.8722403433803155, 0.0011180894398638355, 0.00038900275821347145, 0.0008877217217116455, 6.751961627383694e-05, 0.0011115266341172525]
2025-12-10 11:06:17,411 - HRP_20251210 - INFO - 回测日期: 2022-08-01, 权重: [0.00029959984861813735, 0.0003821202826844123, 0.13006453413993188, 0.8665506274872842, 0.0011450780661405033, 0.00013191761249986087, 0.00038181370382859317, 8.377684324736926e-05, 0.0009605320157651334]
2025-12-10 11:06:17,430 - HRP_20251210 - INFO - 回测日期: 2022-09-01, 权重: [0.00029426224333065835, 0.0003724835773622424, 0.12351173015749362, 0.8726604060025402, 0.0013654060702542824, 0.00013272928215889518, 0.0004003409393119466, 7.683232319106862e-05, 0.001185809404357004]
2025-12-10 11:06:17,448 - HRP_20251210 - INFO - 回测日期: 2022-10-10, 权重: [0.00027057699129922106, 0.00018402280140673762, 0.10858249327436911, 0.8855018336702603, 0.0025290148643926395, 0.00017657026260725135, 0.00046162149153211547, 8.412280145147072e-05, 0.0022097438426812222]
2025-12-10 11:06:17,464 - HRP_20251210 - INFO - 回测日期: 2022-11-01, 权重: [0.00028615209732283037, 0.0002008680023977385, 0.1115445734994595, 0.8820764552759319, 0.002701266173543117, 0.00017881618040020833, 0.0005034530245871109, 8.062616040912204e-05, 0.0024277895859484452]
2025-12-10 11:06:17,488 - HRP_20251210 - INFO - 回测日期: 2022-12-01, 权重: [0.0013507850919071546, 0.0013684253092931798, 0.1893062354176595, 0.7915736140093586, 0.008007120157634816, 0.0005407114396037988, 0.0014635502316854227, 0.0002490882230090656, 0.006140470119848518]
2025-12-10 11:06:17,510 - HRP_20251210 - INFO - 回测日期: 2023-01-03, 权重: [0.001332708249060852, 0.0013660764933967444, 0.25377222377852804, 0.722824679229545, 0.011397271666786208, 0.000689106847141393, 0.0017138910906486886, 0.00039453764687245565, 0.006509504998020617]
2025-12-10 11:06:17,527 - HRP_20251210 - INFO - 回测日期: 2023-02-01, 权重: [0.0014189013523359046, 0.00154863317088051, 0.26408912588400146, 0.7047062260537769, 0.011918098117390336, 0.0021509741174082536, 0.004999866383079005, 0.0003579220045980249, 0.008810252916529638]
2025-12-10 11:06:17,545 - HRP_20251210 - INFO - 回测日期: 2023-03-01, 权重: [0.0012889827088145567, 0.0015088582367602786, 0.3138498907525676, 0.65587151096015, 0.010910792100576779, 0.0023944400100795456, 0.005618378001645285, 0.00035792159795154963, 0.008199225631454574]
2025-12-10 11:06:17,565 - HRP_20251210 - INFO - 回测日期: 2023-04-03, 权重: [0.0012977257986636727, 0.001754060214425632, 0.3189824000621007, 0.6556363438530387, 0.008273121727408813, 0.0010605139054954396, 0.0031836293792866107, 0.0007368040712864041, 0.009075400988293921]
2025-12-10 11:06:17,582 - HRP_20251210 - INFO - 回测日期: 2023-05-04, 权重: [0.0014751695786619195, 0.002395104928338188, 0.3496099425488718, 0.623618710755824, 0.007221259458949928, 0.0016974124064288929, 0.008156770180649727, 0.0005921859778314952, 0.005233444164444049]
2025-12-10 11:06:17,601 - HRP_20251210 - INFO - 回测日期: 2023-06-01, 权重: [0.0022574559497879573, 0.0017919240063811411, 0.37274913751116967, 0.6096387670705274, 0.00586231560124398, 0.0010716384359225712, 0.0032214517634466923, 0.00032000453415218904, 0.0030873051273683037]
2025-12-10 11:06:17,619 - HRP_20251210 - INFO - 回测日期: 2023-07-03, 权重: [0.0005785317542922056, 0.0009993985283879357, 0.17329745377064637, 0.81982288883618, 0.0025542332167724346, 0.00039427349739562626, 0.0010991804373068825, 0.00011824912874996407, 0.001135790830268604]
2025-12-10 11:06:17,637 - HRP_20251210 - INFO - 回测日期: 2023-08-01, 权重: [0.0004902959688829941, 0.0009033270757973634, 0.13297302078527448, 0.8604736108160659, 0.002681363575609925, 0.00040000364119658266, 0.000925722162551235, 0.00012775671778086662, 0.0010248992568406936]
2025-12-10 11:06:17,656 - HRP_20251210 - INFO - 回测日期: 2023-09-01, 权重: [0.00038026102966203694, 0.00040706378801882797, 0.09741662789168495, 0.8956593074704058, 0.00403159646471224, 0.0003155966643517326, 0.0006950748886627773, 0.00011937517716926877, 0.0009750966253323269]
2025-12-10 11:06:17,675 - HRP_20251210 - INFO - 回测日期: 2023-10-09, 权重: [0.0006545866070624346, 0.0007006997924221292, 0.13462781487431494, 0.8537591711508143, 0.0065278569059946875, 0.0005527009286356467, 0.0010353199629670874, 0.00023023597397584108, 0.0019116138038129359]
2025-12-10 11:06:17,692 - HRP_20251210 - INFO - 回测日期: 2023-11-01, 权重: [0.0007242517852990753, 0.0011178331826659947, 0.1494919181003144, 0.8393855982656666, 0.003656106641366538, 0.0009291192652165812, 0.001571907229226846, 0.00022522225622758198, 0.0028980432740164587]
2025-12-10 11:06:17,712 - HRP_20251210 - INFO - 回测日期: 2023-12-01, 权重: [0.0008427952254169213, 0.0013760165943724112, 0.16744250518156048, 0.8222016037258034, 0.004542196116452863, 0.0006095160999174167, 0.0008014956021849376, 0.00023718665180244138, 0.0019466848024890303]
2025-12-10 11:06:17,731 - HRP_20251210 - INFO - 回测日期: 2024-01-02, 权重: [0.0008342238260569102, 0.0013629032196020839, 0.17757359674335316, 0.8111999430754787, 0.004383014322666983, 0.0011940181184411666, 0.0014814184325625563, 0.0002777330787701771, 0.001693149183068246]
2025-12-10 11:06:17,749 - HRP_20251210 - INFO - 回测日期: 2024-02-01, 权重: [0.0006880206081368698, 0.00044186706959026766, 0.1713872705463552, 0.8165033632025114, 0.005929703009894022, 0.0012551462569608803, 0.0017687694726039864, 0.0002749990866300676, 0.0017508607473173436]
2025-12-10 11:06:17,766 - HRP_20251210 - INFO - 回测日期: 2024-03-01, 权重: [0.0007446661261546816, 0.0005167643527850458, 0.15531183533018122, 0.8347286537808548, 0.0030628281334044638, 0.0014610653919721836, 0.002011168189202949, 0.0002974762197958474, 0.0018655424756487573]
2025-12-10 11:06:17,785 - HRP_20251210 - INFO - 回测日期: 2024-04-01, 权重: [0.0005500457897144326, 0.00034662714852158556, 0.08802330417092247, 0.9048340271703128, 0.002212540020123562, 0.0011857183788089518, 0.0015159297124381092, 0.00020856712004591028, 0.0011232404891121498]
2025-12-10 11:06:17,802 - HRP_20251210 - INFO - 回测日期: 2024-05-06, 权重: [0.000684594272051987, 0.000402984836639009, 0.08620532957931701, 0.9041358811309191, 0.003051977235273489, 0.0015390076568083202, 0.002162627149624676, 0.00030936788893350727, 0.0015082302504328471]
2025-12-10 11:06:17,820 - HRP_20251210 - INFO - 回测日期: 2024-06-03, 权重: [0.0007040497554902292, 0.00041385598153308335, 0.08605885502824893, 0.90554179936047, 0.003249265153784325, 0.0009534548056646528, 0.0014729077422124593, 0.0004457688861137756, 0.0011600432864825884]
2025-12-10 11:06:17,838 - HRP_20251210 - INFO - 回测日期: 2024-07-01, 权重: [0.0008361440421444972, 0.0003698012870659416, 0.07057567875427401, 0.9209773727478794, 0.0029507298895311935, 0.0010089956198331036, 0.0016590330958162103, 0.0005107588355926308, 0.001111485727863016]
2025-12-10 11:06:17,858 - HRP_20251210 - INFO - 回测日期: 2024-08-01, 权重: [0.0008169814701073082, 0.0003007225601762982, 0.061729562190191406, 0.9310946276648302, 0.0024172656295542343, 0.0008275204287153763, 0.0014589532378541201, 0.00046711416487009997, 0.0008872526537008921]
2025-12-10 11:06:17,877 - HRP_20251210 - INFO - 回测日期: 2024-09-02, 权重: [0.001571125132926203, 0.0007617772906533991, 0.074404567660667, 0.9152486561117277, 0.003926698789280804, 0.0008170325267275649, 0.0020574600345351704, 0.0005633716632734206, 0.0006493107902087252]
2025-12-10 11:06:17,897 - HRP_20251210 - INFO - 回测日期: 2024-10-08, 权重: [0.0009674568284733123, 0.000661530836936524, 0.09352931827000599, 0.8943413502850188, 0.004436895383742931, 0.001014637897729041, 0.0024820346285690945, 0.0007801837453243151, 0.001786592124199969]
2025-12-10 11:06:17,914 - HRP_20251210 - INFO - 回测日期: 2024-11-01, 权重: [0.000762757205185812, 0.0008921013210090846, 0.1637427814510086, 0.8225077883828198, 0.003465667567054874, 0.0013007186183142156, 0.00333348966631023, 0.0008166890959819359, 0.003178006692315444]
2025-12-10 11:06:17,933 - HRP_20251210 - INFO - 回测日期: 2024-12-02, 权重: [0.00061969457255741, 0.0007179707273514157, 0.16274014293552638, 0.8219557617887461, 0.0028980235166286617, 0.0022516485603243817, 0.004984140543220061, 0.0006404534079361394, 0.0031921639477094916]
2025-12-10 11:06:17,952 - HRP_20251210 - INFO - 回测日期: 2025-01-02, 权重: [0.0006663079672259705, 0.0007811709310846369, 0.13590502285140116, 0.8463559263463242, 0.0032725035514845125, 0.0026237129408530997, 0.00565230156844689, 0.0007538140984630791, 0.0039892397447165665]
2025-12-10 11:06:17,969 - HRP_20251210 - INFO - 回测日期: 2025-02-05, 权重: [0.0006866944237748663, 0.0008209474086893323, 0.13668787429449913, 0.8442231999459834, 0.0035844069578435957, 0.00278697772205852, 0.005669065079883823, 0.0007509011973751598, 0.004789932969892177]
2025-12-10 11:06:17,990 - HRP_20251210 - INFO - 回测日期: 2025-03-03, 权重: [0.0006983757225034503, 0.0008442517921329151, 0.13578721546811157, 0.8444327789058497, 0.0037535370281905262, 0.0030526602550590936, 0.006305745159990419, 0.0007972902285883237, 0.004328145439573976]
2025-12-10 11:06:18,009 - HRP_20251210 - INFO - 回测日期: 2025-04-01, 权重: [0.0007066473241622227, 0.0008721790783110185, 0.11297392984155727, 0.8653274418002405, 0.003842067965387639, 0.0038304687538189505, 0.007207842639123415, 0.0009221997956571011, 0.004317222801741894]
2025-12-10 11:06:18,028 - HRP_20251210 - INFO - 回测日期: 2025-05-06, 权重: [0.00078189175446774, 0.00037871997075060204, 0.046626947134213496, 0.9447148788634456, 0.002662560232929774, 0.0010955370917925965, 0.0026929024378328633, 0.0002405678843500846, 0.0008059946302172651]
2025-12-10 11:06:18,046 - HRP_20251210 - INFO - 回测日期: 2025-06-03, 权重: [0.0008753916749935331, 0.0004138394450904101, 0.044120938201427255, 0.9469382200250954, 0.002862704478099973, 0.0009792825065341238, 0.002869378657636463, 0.0002527128970427419, 0.0006875321140800699]
2025-12-10 11:06:18,064 - HRP_20251210 - INFO - 回测日期: 2025-07-01, 权重: [0.0008028547211405842, 0.0003897615252508276, 0.04301732120625221, 0.9491558234508488, 0.0024768235026370097, 0.0007484325641300353, 0.0026872238271753147, 0.00013488773347470503, 0.0005868714690904548]
2025-12-10 11:06:18,087 - HRP_20251210 - INFO - 回测日期: 2025-08-01, 权重: [0.0008250826028658049, 0.00046389775747864286, 0.045419133698113484, 0.9469724372601499, 0.0020308892739962802, 0.0006176186528991716, 0.00300611893605647, 0.0001257550590809088, 0.000539066759359395]
2025-12-10 11:06:18,105 - HRP_20251210 - INFO - 回测日期: 2025-09-01, 权重: [0.0006689193308748286, 0.00033153389159858957, 0.03937884739841871, 0.9543730502856002, 0.0014937749851659566, 0.0004735754246710698, 0.0026632986465028067, 0.00010647340206072181, 0.0005105266351072058]
2025-12-10 11:06:18,125 - HRP_20251210 - INFO - 回测日期: 2025-10-09, 权重: [0.0005317223288290256, 0.00023832851331368794, 0.041992069506879975, 0.9530436705852104, 0.0010883374848636195, 0.0003741236456722116, 0.0022329089084093686, 8.84752852583412e-05, 0.0004103637415633775]
2025-12-10 11:06:18,893 - HRP_20251210 - INFO - 策略'HRP'回测完成
2025-12-10 11:06:18,893 - HRP_20251210 - INFO - ============================================================
2025-12-10 11:06:18,893 - HRP_20251210 - INFO - 开始回测策略: FixRatio
2025-12-10 11:06:18,893 - HRP_20251210 - INFO - ============================================================
2025-12-10 11:06:18,893 - HRP_20251210 - INFO - 回测日期: 2007-07-02, 权重: [0.1, 0.1, 0.25, 0.2, 0.1, 0.05, 0.05, 0.05, 0.1]
2025-12-10 11:06:18,904 - HRP_20251210 - INFO - 回测日期: 2007-08-01, 权重: [0.1, 0.1, 0.25, 0.2, 0.1, 0.05, 0.05, 0.05, 0.1]
2025-12-10 11:06:18,917 - HRP_20251210 - INFO - 回测日期: 2007-09-03, 权重: [0.1, 0.1, 0.25, 0.2, 0.1, 0.05, 0.05, 0.05, 0.1]
2025-12-10 11:06:18,929 - HRP_20251210 - INFO - 回测日期: 2007-10-08, 权重: [0.1, 0.1, 0.25, 0.2, 0.1, 0.05, 0.05, 0.05, 0.1]
2025-12-10 11:06:18,941 - HRP_20251210 - INFO - 回测日期: 2007-11-01, 权重: [0.1, 0.1, 0.25, 0.2, 0.1, 0.05, 0.05, 0.05, 0.1]
2025-12-10 11:06:18,953 - HRP_20251210 - INFO - 回测日期: 2007-12-03, 权重: [0.1, 0.1, 0.25, 0.2, 0.1, 0.05, 0.05, 0.05, 0.1]
2025-12-10 11:06:18,964 - HRP_20251210 - INFO - 回测日期: 2008-01-02, 权重: [0.1, 0.1, 0.25, 0.2, 0.1, 0.05, 0.05, 0.05, 0.1]
2025-12-10 11:06:18,976 - HRP_20251210 - INFO - 回测日期: 2008-02-01, 权重: [0.1, 0.1, 0.25, 0.2, 0.1, 0.05, 0.05, 0.05, 0.1]
2025-12-10 11:06:18,984 - HRP_20251210 - INFO - 回测日期: 2008-03-03, 权重: [0.1, 0.1, 0.25, 0.2, 0.1, 0.05, 0.05, 0.05, 0.1]
2025-12-10 11:06:18,995 - HRP_20251210 - INFO - 回测日期: 2008-04-01, 权重: [0.1, 0.1, 0.25, 0.2, 0.1, 0.05, 0.05, 0.05, 0.1]
2025-12-10 11:06:19,007 - HRP_20251210 - INFO - 回测日期: 2008-05-05, 权重: [0.1, 0.1, 0.25, 0.2, 0.1, 0.05, 0.05, 0.05, 0.1]
2025-12-10 11:06:19,017 - HRP_20251210 - INFO - 回测日期: 2008-06-02, 权重: [0.1, 0.1, 0.25, 0.2, 0.1, 0.05, 0.05, 0.05, 0.1]
2025-12-10 11:06:19,028 - HRP_20251210 - INFO - 回测日期: 2008-07-01, 权重: [0.1, 0.1, 0.25, 0.2, 0.1, 0.05, 0.05, 0.05, 0.1]
2025-12-10 11:06:19,039 - HRP_20251210 - INFO - 回测日期: 2008-08-01, 权重: [0.1, 0.1, 0.25, 0.2, 0.1, 0.05, 0.05, 0.05, 0.1]
2025-12-10 11:06:19,050 - HRP_20251210 - INFO - 回测日期: 2008-09-01, 权重: [0.1, 0.1, 0.25, 0.2, 0.1, 0.05, 0.05, 0.05, 0.1]
2025-12-10 11:06:19,060 - HRP_20251210 - INFO - 回测日期: 2008-10-06, 权重: [0.1, 0.1, 0.25, 0.2, 0.1, 0.05, 0.05, 0.05, 0.1]
2025-12-10 11:06:19,071 - HRP_20251210 - INFO - 回测日期: 2008-11-03, 权重: [0.1, 0.1, 0.25, 0.2, 0.1, 0.05, 0.05, 0.05, 0.1]
2025-12-10 11:06:19,081 - HRP_20251210 - INFO - 回测日期: 2008-12-01, 权重: [0.1, 0.1, 0.25, 0.2, 0.1, 0.05, 0.05, 0.05, 0.1]
2025-12-10 11:06:19,092 - HRP_20251210 - INFO - 回测日期: 2009-01-05, 权重: [0.1, 0.1, 0.25, 0.2, 0.1, 0.05, 0.05, 0.05, 0.1]
2025-12-10 11:06:19,100 - HRP_20251210 - INFO - 回测日期: 2009-02-02, 权重: [0.1, 0.1, 0.25, 0.2, 0.1, 0.05, 0.05, 0.05, 0.1]
2025-12-10 11:06:19,110 - HRP_20251210 - INFO - 回测日期: 2009-03-02, 权重: [0.1, 0.1, 0.25, 0.2, 0.1, 0.05, 0.05, 0.05, 0.1]
2025-12-10 11:06:19,122 - HRP_20251210 - INFO - 回测日期: 2009-04-01, 权重: [0.1, 0.1, 0.25, 0.2, 0.1, 0.05, 0.05, 0.05, 0.1]
2025-12-10 11:06:19,132 - HRP_20251210 - INFO - 回测日期: 2009-05-04, 权重: [0.1, 0.1, 0.25, 0.2, 0.1, 0.05, 0.05, 0.05, 0.1]
2025-12-10 11:06:19,141 - HRP_20251210 - INFO - 回测日期: 2009-06-01, 权重: [0.1, 0.1, 0.25, 0.2, 0.1, 0.05, 0.05, 0.05, 0.1]
2025-12-10 11:06:19,152 - HRP_20251210 - INFO - 回测日期: 2009-07-01, 权重: [0.1, 0.1, 0.25, 0.2, 0.1, 0.05, 0.05, 0.05, 0.1]
2025-12-10 11:06:19,164 - HRP_20251210 - INFO - 回测日期: 2009-08-03, 权重: [0.1, 0.1, 0.25, 0.2, 0.1, 0.05, 0.05, 0.05, 0.1]
2025-12-10 11:06:19,175 - HRP_20251210 - INFO - 回测日期: 2009-09-01, 权重: [0.1, 0.1, 0.25, 0.2, 0.1, 0.05, 0.05, 0.05, 0.1]
2025-12-10 11:06:19,186 - HRP_20251210 - INFO - 回测日期: 2009-10-09, 权重: [0.1, 0.1, 0.25, 0.2, 0.1, 0.05, 0.05, 0.05, 0.1]
2025-12-10 11:06:19,197 - HRP_20251210 - INFO - 回测日期: 2009-11-02, 权重: [0.1, 0.1, 0.25, 0.2, 0.1, 0.05, 0.05, 0.05, 0.1]
2025-12-10 11:06:19,208 - HRP_20251210 - INFO - 回测日期: 2009-12-01, 权重: [0.1, 0.1, 0.25, 0.2, 0.1, 0.05, 0.05, 0.05, 0.1]
2025-12-10 11:06:19,219 - HRP_20251210 - INFO - 回测日期: 2010-01-04, 权重: [0.1, 0.1, 0.25, 0.2, 0.1, 0.05, 0.05, 0.05, 0.1]
2025-12-10 11:06:19,230 - HRP_20251210 - INFO - 回测日期: 2010-02-01, 权重: [0.1, 0.1, 0.25, 0.2, 0.1, 0.05, 0.05, 0.05, 0.1]
2025-12-10 11:06:19,241 - HRP_20251210 - INFO - 回测日期: 2010-03-01, 权重: [0.1, 0.1, 0.25, 0.2, 0.1, 0.05, 0.05, 0.05, 0.1]
2025-12-10 11:06:19,253 - HRP_20251210 - INFO - 回测日期: 2010-04-01, 权重: [0.1, 0.1, 0.25, 0.2, 0.1, 0.05, 0.05, 0.05, 0.1]
2025-12-10 11:06:19,263 - HRP_20251210 - INFO - 回测日期: 2010-05-04, 权重: [0.1, 0.1, 0.25, 0.2, 0.1, 0.05, 0.05, 0.05, 0.1]
2025-12-10 11:06:19,274 - HRP_20251210 - INFO - 回测日期: 2010-06-01, 权重: [0.1, 0.1, 0.25, 0.2, 0.1, 0.05, 0.05, 0.05, 0.1]
2025-12-10 11:06:19,284 - HRP_20251210 - INFO - 回测日期: 2010-07-01, 权重: [0.1, 0.1, 0.25, 0.2, 0.1, 0.05, 0.05, 0.05, 0.1]
2025-12-10 11:06:19,295 - HRP_20251210 - INFO - 回测日期: 2010-08-02, 权重: [0.1, 0.1, 0.25, 0.2, 0.1, 0.05, 0.05, 0.05, 0.1]
2025-12-10 11:06:19,307 - HRP_20251210 - INFO - 回测日期: 2010-09-01, 权重: [0.1, 0.1, 0.25, 0.2, 0.1, 0.05, 0.05, 0.05, 0.1]
2025-12-10 11:06:19,317 - HRP_20251210 - INFO - 回测日期: 2010-10-08, 权重: [0.1, 0.1, 0.25, 0.2, 0.1, 0.05, 0.05, 0.05, 0.1]
2025-12-10 11:06:19,326 - HRP_20251210 - INFO - 回测日期: 2010-11-01, 权重: [0.1, 0.1, 0.25, 0.2, 0.1, 0.05, 0.05, 0.05, 0.1]
2025-12-10 11:06:19,337 - HRP_20251210 - INFO - 回测日期: 2010-12-01, 权重: [0.1, 0.1, 0.25, 0.2, 0.1, 0.05, 0.05, 0.05, 0.1]
2025-12-10 11:06:19,349 - HRP_20251210 - INFO - 回测日期: 2011-01-04, 权重: [0.1, 0.1, 0.25, 0.2, 0.1, 0.05, 0.05, 0.05, 0.1]
2025-12-10 11:06:19,361 - HRP_20251210 - INFO - 回测日期: 2011-02-01, 权重: [0.1, 0.1, 0.25, 0.2, 0.1, 0.05, 0.05, 0.05, 0.1]
2025-12-10 11:06:19,370 - HRP_20251210 - INFO - 回测日期: 2011-03-01, 权重: [0.1, 0.1, 0.25, 0.2, 0.1, 0.05, 0.05, 0.05, 0.1]
2025-12-10 11:06:19,382 - HRP_20251210 - INFO - 回测日期: 2011-04-01, 权重: [0.1, 0.1, 0.25, 0.2, 0.1, 0.05, 0.05, 0.05, 0.1]
2025-12-10 11:06:19,393 - HRP_20251210 - INFO - 回测日期: 2011-05-03, 权重: [0.1, 0.1, 0.25, 0.2, 0.1, 0.05, 0.05, 0.05, 0.1]
2025-12-10 11:06:19,403 - HRP_20251210 - INFO - 回测日期: 2011-06-01, 权重: [0.1, 0.1, 0.25, 0.2, 0.1, 0.05, 0.05, 0.05, 0.1]
2025-12-10 11:06:19,414 - HRP_20251210 - INFO - 回测日期: 2011-07-01, 权重: [0.1, 0.1, 0.25, 0.2, 0.1, 0.05, 0.05, 0.05, 0.1]
2025-12-10 11:06:19,425 - HRP_20251210 - INFO - 回测日期: 2011-08-01, 权重: [0.1, 0.1, 0.25, 0.2, 0.1, 0.05, 0.05, 0.05, 0.1]
2025-12-10 11:06:19,438 - HRP_20251210 - INFO - 回测日期: 2011-09-01, 权重: [0.1, 0.1, 0.25, 0.2, 0.1, 0.05, 0.05, 0.05, 0.1]
2025-12-10 11:06:19,450 - HRP_20251210 - INFO - 回测日期: 2011-10-10, 权重: [0.1, 0.1, 0.25, 0.2, 0.1, 0.05, 0.05, 0.05, 0.1]
2025-12-10 11:06:19,458 - HRP_20251210 - INFO - 回测日期: 2011-11-01, 权重: [0.1, 0.1, 0.25, 0.2, 0.1, 0.05, 0.05, 0.05, 0.1]
2025-12-10 11:06:19,471 - HRP_20251210 - INFO - 回测日期: 2011-12-01, 权重: [0.1, 0.1, 0.25, 0.2, 0.1, 0.05, 0.05, 0.05, 0.1]
2025-12-10 11:06:19,483 - HRP_20251210 - INFO - 回测日期: 2012-01-04, 权重: [0.1, 0.1, 0.25, 0.2, 0.1, 0.05, 0.05, 0.05, 0.1]
2025-12-10 11:06:19,491 - HRP_20251210 - INFO - 回测日期: 2012-02-01, 权重: [0.1, 0.1, 0.25, 0.2, 0.1, 0.05, 0.05, 0.05, 0.1]
2025-12-10 11:06:19,502 - HRP_20251210 - INFO - 回测日期: 2012-03-01, 权重: [0.1, 0.1, 0.25, 0.2, 0.1, 0.05, 0.05, 0.05, 0.1]
2025-12-10 11:06:19,516 - HRP_20251210 - INFO - 回测日期: 2012-04-05, 权重: [0.1, 0.1, 0.25, 0.2, 0.1, 0.05, 0.05, 0.05, 0.1]
2025-12-10 11:06:19,525 - HRP_20251210 - INFO - 回测日期: 2012-05-02, 权重: [0.1, 0.1, 0.25, 0.2, 0.1, 0.05, 0.05, 0.05, 0.1]
2025-12-10 11:06:19,536 - HRP_20251210 - INFO - 回测日期: 2012-06-01, 权重: [0.1, 0.1, 0.25, 0.2, 0.1, 0.05, 0.05, 0.05, 0.1]
2025-12-10 11:06:19,548 - HRP_20251210 - INFO - 回测日期: 2012-07-02, 权重: [0.1, 0.1, 0.25, 0.2, 0.1, 0.05, 0.05, 0.05, 0.1]
2025-12-10 11:06:19,560 - HRP_20251210 - INFO - 回测日期: 2012-08-01, 权重: [0.1, 0.1, 0.25, 0.2, 0.1, 0.05, 0.05, 0.05, 0.1]
2025-12-10 11:06:19,572 - HRP_20251210 - INFO - 回测日期: 2012-09-03, 权重: [0.1, 0.1, 0.25, 0.2, 0.1, 0.05, 0.05, 0.05, 0.1]
2025-12-10 11:06:19,582 - HRP_20251210 - INFO - 回测日期: 2012-10-08, 权重: [0.1, 0.1, 0.25, 0.2, 0.1, 0.05, 0.05, 0.05, 0.1]
2025-12-10 11:06:19,592 - HRP_20251210 - INFO - 回测日期: 2012-11-01, 权重: [0.1, 0.1, 0.25, 0.2, 0.1, 0.05, 0.05, 0.05, 0.1]
2025-12-10 11:06:19,602 - HRP_20251210 - INFO - 回测日期: 2012-12-03, 权重: [0.1, 0.1, 0.25, 0.2, 0.1, 0.05, 0.05, 0.05, 0.1]
2025-12-10 11:06:19,613 - HRP_20251210 - INFO - 回测日期: 2013-01-04, 权重: [0.1, 0.1, 0.25, 0.2, 0.1, 0.05, 0.05, 0.05, 0.1]
2025-12-10 11:06:19,623 - HRP_20251210 - INFO - 回测日期: 2013-02-01, 权重: [0.1, 0.1, 0.25, 0.2, 0.1, 0.05, 0.05, 0.05, 0.1]
2025-12-10 11:06:19,632 - HRP_20251210 - INFO - 回测日期: 2013-03-01, 权重: [0.1, 0.1, 0.25, 0.2, 0.1, 0.05, 0.05, 0.05, 0.1]
2025-12-10 11:06:19,642 - HRP_20251210 - INFO - 回测日期: 2013-04-01, 权重: [0.1, 0.1, 0.25, 0.2, 0.1, 0.05, 0.05, 0.05, 0.1]
2025-12-10 11:06:19,652 - HRP_20251210 - INFO - 回测日期: 2013-05-02, 权重: [0.1, 0.1, 0.25, 0.2, 0.1, 0.05, 0.05, 0.05, 0.1]
2025-12-10 11:06:19,662 - HRP_20251210 - INFO - 回测日期: 2013-06-03, 权重: [0.1, 0.1, 0.25, 0.2, 0.1, 0.05, 0.05, 0.05, 0.1]
2025-12-10 11:06:19,673 - HRP_20251210 - INFO - 回测日期: 2013-07-01, 权重: [0.1, 0.1, 0.25, 0.2, 0.1, 0.05, 0.05, 0.05, 0.1]
2025-12-10 11:06:19,685 - HRP_20251210 - INFO - 回测日期: 2013-08-01, 权重: [0.1, 0.1, 0.25, 0.2, 0.1, 0.05, 0.05, 0.05, 0.1]
2025-12-10 11:06:19,698 - HRP_20251210 - INFO - 回测日期: 2013-09-02, 权重: [0.1, 0.1, 0.25, 0.2, 0.1, 0.05, 0.05, 0.05, 0.1]
2025-12-10 11:06:19,708 - HRP_20251210 - INFO - 回测日期: 2013-10-08, 权重: [0.1, 0.1, 0.25, 0.2, 0.1, 0.05, 0.05, 0.05, 0.1]
2025-12-10 11:06:19,718 - HRP_20251210 - INFO - 回测日期: 2013-11-01, 权重: [0.1, 0.1, 0.25, 0.2, 0.1, 0.05, 0.05, 0.05, 0.1]
2025-12-10 11:06:19,729 - HRP_20251210 - INFO - 回测日期: 2013-12-02, 权重: [0.1, 0.1, 0.25, 0.2, 0.1, 0.05, 0.05, 0.05, 0.1]
2025-12-10 11:06:19,741 - HRP_20251210 - INFO - 回测日期: 2014-01-02, 权重: [0.1, 0.1, 0.25, 0.2, 0.1, 0.05, 0.05, 0.05, 0.1]
2025-12-10 11:06:19,752 - HRP_20251210 - INFO - 回测日期: 2014-02-07, 权重: [0.1, 0.1, 0.25, 0.2, 0.1, 0.05, 0.05, 0.05, 0.1]
2025-12-10 11:06:19,762 - HRP_20251210 - INFO - 回测日期: 2014-03-03, 权重: [0.1, 0.1, 0.25, 0.2, 0.1, 0.05, 0.05, 0.05, 0.1]
2025-12-10 11:06:19,774 - HRP_20251210 - INFO - 回测日期: 2014-04-01, 权重: [0.1, 0.1, 0.25, 0.2, 0.1, 0.05, 0.05, 0.05, 0.1]
2025-12-10 11:06:19,784 - HRP_20251210 - INFO - 回测日期: 2014-05-05, 权重: [0.1, 0.1, 0.25, 0.2, 0.1, 0.05, 0.05, 0.05, 0.1]
2025-12-10 11:06:19,795 - HRP_20251210 - INFO - 回测日期: 2014-06-03, 权重: [0.1, 0.1, 0.25, 0.2, 0.1, 0.05, 0.05, 0.05, 0.1]
2025-12-10 11:06:19,806 - HRP_20251210 - INFO - 回测日期: 2014-07-01, 权重: [0.1, 0.1, 0.25, 0.2, 0.1, 0.05, 0.05, 0.05, 0.1]
2025-12-10 11:06:19,818 - HRP_20251210 - INFO - 回测日期: 2014-08-01, 权重: [0.1, 0.1, 0.25, 0.2, 0.1, 0.05, 0.05, 0.05, 0.1]
2025-12-10 11:06:19,829 - HRP_20251210 - INFO - 回测日期: 2014-09-01, 权重: [0.1, 0.1, 0.25, 0.2, 0.1, 0.05, 0.05, 0.05, 0.1]
2025-12-10 11:06:19,841 - HRP_20251210 - INFO - 回测日期: 2014-10-08, 权重: [0.1, 0.1, 0.25, 0.2, 0.1, 0.05, 0.05, 0.05, 0.1]
2025-12-10 11:06:19,852 - HRP_20251210 - INFO - 回测日期: 2014-11-03, 权重: [0.1, 0.1, 0.25, 0.2, 0.1, 0.05, 0.05, 0.05, 0.1]
2025-12-10 11:06:19,862 - HRP_20251210 - INFO - 回测日期: 2014-12-01, 权重: [0.1, 0.1, 0.25, 0.2, 0.1, 0.05, 0.05, 0.05, 0.1]
2025-12-10 11:06:19,876 - HRP_20251210 - INFO - 回测日期: 2015-01-05, 权重: [0.1, 0.1, 0.25, 0.2, 0.1, 0.05, 0.05, 0.05, 0.1]
2025-12-10 11:06:19,887 - HRP_20251210 - INFO - 回测日期: 2015-02-02, 权重: [0.1, 0.1, 0.25, 0.2, 0.1, 0.05, 0.05, 0.05, 0.1]
2025-12-10 11:06:19,896 - HRP_20251210 - INFO - 回测日期: 2015-03-02, 权重: [0.1, 0.1, 0.25, 0.2, 0.1, 0.05, 0.05, 0.05, 0.1]
2025-12-10 11:06:19,907 - HRP_20251210 - INFO - 回测日期: 2015-04-01, 权重: [0.1, 0.1, 0.25, 0.2, 0.1, 0.05, 0.05, 0.05, 0.1]
2025-12-10 11:06:19,918 - HRP_20251210 - INFO - 回测日期: 2015-05-04, 权重: [0.1, 0.1, 0.25, 0.2, 0.1, 0.05, 0.05, 0.05, 0.1]
2025-12-10 11:06:19,929 - HRP_20251210 - INFO - 回测日期: 2015-06-01, 权重: [0.1, 0.1, 0.25, 0.2, 0.1, 0.05, 0.05, 0.05, 0.1]
2025-12-10 11:06:19,940 - HRP_20251210 - INFO - 回测日期: 2015-07-01, 权重: [0.1, 0.1, 0.25, 0.2, 0.1, 0.05, 0.05, 0.05, 0.1]
2025-12-10 11:06:19,954 - HRP_20251210 - INFO - 回测日期: 2015-08-03, 权重: [0.1, 0.1, 0.25, 0.2, 0.1, 0.05, 0.05, 0.05, 0.1]
2025-12-10 11:06:19,966 - HRP_20251210 - INFO - 回测日期: 2015-09-01, 权重: [0.1, 0.1, 0.25, 0.2, 0.1, 0.05, 0.05, 0.05, 0.1]
2025-12-10 11:06:19,978 - HRP_20251210 - INFO - 回测日期: 2015-10-08, 权重: [0.1, 0.1, 0.25, 0.2, 0.1, 0.05, 0.05, 0.05, 0.1]
2025-12-10 11:06:19,986 - HRP_20251210 - INFO - 回测日期: 2015-11-02, 权重: [0.1, 0.1, 0.25, 0.2, 0.1, 0.05, 0.05, 0.05, 0.1]
2025-12-10 11:06:19,997 - HRP_20251210 - INFO - 回测日期: 2015-12-01, 权重: [0.1, 0.1, 0.25, 0.2, 0.1, 0.05, 0.05, 0.05, 0.1]
2025-12-10 11:06:20,010 - HRP_20251210 - INFO - 回测日期: 2016-01-04, 权重: [0.1, 0.1, 0.25, 0.2, 0.1, 0.05, 0.05, 0.05, 0.1]
2025-12-10 11:06:20,021 - HRP_20251210 - INFO - 回测日期: 2016-02-01, 权重: [0.1, 0.1, 0.25, 0.2, 0.1, 0.05, 0.05, 0.05, 0.1]
2025-12-10 11:06:20,030 - HRP_20251210 - INFO - 回测日期: 2016-03-01, 权重: [0.1, 0.1, 0.25, 0.2, 0.1, 0.05, 0.05, 0.05, 0.1]
2025-12-10 11:06:20,042 - HRP_20251210 - INFO - 回测日期: 2016-04-01, 权重: [0.1, 0.1, 0.25, 0.2, 0.1, 0.05, 0.05, 0.05, 0.1]
2025-12-10 11:06:20,056 - HRP_20251210 - INFO - 回测日期: 2016-05-03, 权重: [0.1, 0.1, 0.25, 0.2, 0.1, 0.05, 0.05, 0.05, 0.1]
2025-12-10 11:06:20,066 - HRP_20251210 - INFO - 回测日期: 2016-06-01, 权重: [0.1, 0.1, 0.25, 0.2, 0.1, 0.05, 0.05, 0.05, 0.1]
2025-12-10 11:06:20,077 - HRP_20251210 - INFO - 回测日期: 2016-07-01, 权重: [0.1, 0.1, 0.25, 0.2, 0.1, 0.05, 0.05, 0.05, 0.1]
2025-12-10 11:06:20,088 - HRP_20251210 - INFO - 回测日期: 2016-08-01, 权重: [0.1, 0.1, 0.25, 0.2, 0.1, 0.05, 0.05, 0.05, 0.1]
2025-12-10 11:06:20,101 - HRP_20251210 - INFO - 回测日期: 2016-09-01, 权重: [0.1, 0.1, 0.25, 0.2, 0.1, 0.05, 0.05, 0.05, 0.1]
2025-12-10 11:06:20,111 - HRP_20251210 - INFO - 回测日期: 2016-10-10, 权重: [0.1, 0.1, 0.25, 0.2, 0.1, 0.05, 0.05, 0.05, 0.1]
2025-12-10 11:06:20,120 - HRP_20251210 - INFO - 回测日期: 2016-11-01, 权重: [0.1, 0.1, 0.25, 0.2, 0.1, 0.05, 0.05, 0.05, 0.1]
2025-12-10 11:06:20,132 - HRP_20251210 - INFO - 回测日期: 2016-12-01, 权重: [0.1, 0.1, 0.25, 0.2, 0.1, 0.05, 0.05, 0.05, 0.1]
2025-12-10 11:06:20,143 - HRP_20251210 - INFO - 回测日期: 2017-01-03, 权重: [0.1, 0.1, 0.25, 0.2, 0.1, 0.05, 0.05, 0.05, 0.1]
2025-12-10 11:06:20,153 - HRP_20251210 - INFO - 回测日期: 2017-02-03, 权重: [0.1, 0.1, 0.25, 0.2, 0.1, 0.05, 0.05, 0.05, 0.1]
2025-12-10 11:06:20,164 - HRP_20251210 - INFO - 回测日期: 2017-03-01, 权重: [0.1, 0.1, 0.25, 0.2, 0.1, 0.05, 0.05, 0.05, 0.1]
2025-12-10 11:06:20,175 - HRP_20251210 - INFO - 回测日期: 2017-04-05, 权重: [0.1, 0.1, 0.25, 0.2, 0.1, 0.05, 0.05, 0.05, 0.1]
2025-12-10 11:06:20,185 - HRP_20251210 - INFO - 回测日期: 2017-05-02, 权重: [0.1, 0.1, 0.25, 0.2, 0.1, 0.05, 0.05, 0.05, 0.1]
2025-12-10 11:06:20,196 - HRP_20251210 - INFO - 回测日期: 2017-06-01, 权重: [0.1, 0.1, 0.25, 0.2, 0.1, 0.05, 0.05, 0.05, 0.1]
2025-12-10 11:06:20,207 - HRP_20251210 - INFO - 回测日期: 2017-07-03, 权重: [0.1, 0.1, 0.25, 0.2, 0.1, 0.05, 0.05, 0.05, 0.1]
2025-12-10 11:06:20,218 - HRP_20251210 - INFO - 回测日期: 2017-08-01, 权重: [0.1, 0.1, 0.25, 0.2, 0.1, 0.05, 0.05, 0.05, 0.1]
2025-12-10 11:06:20,229 - HRP_20251210 - INFO - 回测日期: 2017-09-01, 权重: [0.1, 0.1, 0.25, 0.2, 0.1, 0.05, 0.05, 0.05, 0.1]
2025-12-10 11:06:20,239 - HRP_20251210 - INFO - 回测日期: 2017-10-09, 权重: [0.1, 0.1, 0.25, 0.2, 0.1, 0.05, 0.05, 0.05, 0.1]
2025-12-10 11:06:20,248 - HRP_20251210 - INFO - 回测日期: 2017-11-01, 权重: [0.1, 0.1, 0.25, 0.2, 0.1, 0.05, 0.05, 0.05, 0.1]
2025-12-10 11:06:20,260 - HRP_20251210 - INFO - 回测日期: 2017-12-01, 权重: [0.1, 0.1, 0.25, 0.2, 0.1, 0.05, 0.05, 0.05, 0.1]
2025-12-10 11:06:20,271 - HRP_20251210 - INFO - 回测日期: 2018-01-02, 权重: [0.1, 0.1, 0.25, 0.2, 0.1, 0.05, 0.05, 0.05, 0.1]
2025-12-10 11:06:20,283 - HRP_20251210 - INFO - 回测日期: 2018-02-01, 权重: [0.1, 0.1, 0.25, 0.2, 0.1, 0.05, 0.05, 0.05, 0.1]
2025-12-10 11:06:20,294 - HRP_20251210 - INFO - 回测日期: 2018-03-01, 权重: [0.1, 0.1, 0.25, 0.2, 0.1, 0.05, 0.05, 0.05, 0.1]
2025-12-10 11:06:20,306 - HRP_20251210 - INFO - 回测日期: 2018-04-02, 权重: [0.1, 0.1, 0.25, 0.2, 0.1, 0.05, 0.05, 0.05, 0.1]
2025-12-10 11:06:20,315 - HRP_20251210 - INFO - 回测日期: 2018-05-02, 权重: [0.1, 0.1, 0.25, 0.2, 0.1, 0.05, 0.05, 0.05, 0.1]
2025-12-10 11:06:20,327 - HRP_20251210 - INFO - 回测日期: 2018-06-01, 权重: [0.1, 0.1, 0.25, 0.2, 0.1, 0.05, 0.05, 0.05, 0.1]
2025-12-10 11:06:20,339 - HRP_20251210 - INFO - 回测日期: 2018-07-02, 权重: [0.1, 0.1, 0.25, 0.2, 0.1, 0.05, 0.05, 0.05, 0.1]
2025-12-10 11:06:20,349 - HRP_20251210 - INFO - 回测日期: 2018-08-01, 权重: [0.1, 0.1, 0.25, 0.2, 0.1, 0.05, 0.05, 0.05, 0.1]
2025-12-10 11:06:20,363 - HRP_20251210 - INFO - 回测日期: 2018-09-03, 权重: [0.1, 0.1, 0.25, 0.2, 0.1, 0.05, 0.05, 0.05, 0.1]
2025-12-10 11:06:20,374 - HRP_20251210 - INFO - 回测日期: 2018-10-08, 权重: [0.1, 0.1, 0.25, 0.2, 0.1, 0.05, 0.05, 0.05, 0.1]
2025-12-10 11:06:20,384 - HRP_20251210 - INFO - 回测日期: 2018-11-01, 权重: [0.1, 0.1, 0.25, 0.2, 0.1, 0.05, 0.05, 0.05, 0.1]
2025-12-10 11:06:20,395 - HRP_20251210 - INFO - 回测日期: 2018-12-03, 权重: [0.1, 0.1, 0.25, 0.2, 0.1, 0.05, 0.05, 0.05, 0.1]
2025-12-10 11:06:20,408 - HRP_20251210 - INFO - 回测日期: 2019-01-02, 权重: [0.1, 0.1, 0.25, 0.2, 0.1, 0.05, 0.05, 0.05, 0.1]
2025-12-10 11:06:20,419 - HRP_20251210 - INFO - 回测日期: 2019-02-01, 权重: [0.1, 0.1, 0.25, 0.2, 0.1, 0.05, 0.05, 0.05, 0.1]
2025-12-10 11:06:20,428 - HRP_20251210 - INFO - 回测日期: 2019-03-01, 权重: [0.1, 0.1, 0.25, 0.2, 0.1, 0.05, 0.05, 0.05, 0.1]
2025-12-10 11:06:20,438 - HRP_20251210 - INFO - 回测日期: 2019-04-01, 权重: [0.1, 0.1, 0.25, 0.2, 0.1, 0.05, 0.05, 0.05, 0.1]
2025-12-10 11:06:20,449 - HRP_20251210 - INFO - 回测日期: 2019-05-06, 权重: [0.1, 0.1, 0.25, 0.2, 0.1, 0.05, 0.05, 0.05, 0.1]
2025-12-10 11:06:20,459 - HRP_20251210 - INFO - 回测日期: 2019-06-03, 权重: [0.1, 0.1, 0.25, 0.2, 0.1, 0.05, 0.05, 0.05, 0.1]
2025-12-10 11:06:20,469 - HRP_20251210 - INFO - 回测日期: 2019-07-01, 权重: [0.1, 0.1, 0.25, 0.2, 0.1, 0.05, 0.05, 0.05, 0.1]
2025-12-10 11:06:20,481 - HRP_20251210 - INFO - 回测日期: 2019-08-01, 权重: [0.1, 0.1, 0.25, 0.2, 0.1, 0.05, 0.05, 0.05, 0.1]
2025-12-10 11:06:20,493 - HRP_20251210 - INFO - 回测日期: 2019-09-02, 权重: [0.1, 0.1, 0.25, 0.2, 0.1, 0.05, 0.05, 0.05, 0.1]
2025-12-10 11:06:20,503 - HRP_20251210 - INFO - 回测日期: 2019-10-08, 权重: [0.1, 0.1, 0.25, 0.2, 0.1, 0.05, 0.05, 0.05, 0.1]
2025-12-10 11:06:20,513 - HRP_20251210 - INFO - 回测日期: 2019-11-01, 权重: [0.1, 0.1, 0.25, 0.2, 0.1, 0.05, 0.05, 0.05, 0.1]
2025-12-10 11:06:20,525 - HRP_20251210 - INFO - 回测日期: 2019-12-02, 权重: [0.1, 0.1, 0.25, 0.2, 0.1, 0.05, 0.05, 0.05, 0.1]
2025-12-10 11:06:20,536 - HRP_20251210 - INFO - 回测日期: 2020-01-02, 权重: [0.1, 0.1, 0.25, 0.2, 0.1, 0.05, 0.05, 0.05, 0.1]
2025-12-10 11:06:20,546 - HRP_20251210 - INFO - 回测日期: 2020-02-03, 权重: [0.1, 0.1, 0.25, 0.2, 0.1, 0.05, 0.05, 0.05, 0.1]
2025-12-10 11:06:20,557 - HRP_20251210 - INFO - 回测日期: 2020-03-02, 权重: [0.1, 0.1, 0.25, 0.2, 0.1, 0.05, 0.05, 0.05, 0.1]
2025-12-10 11:06:20,568 - HRP_20251210 - INFO - 回测日期: 2020-04-01, 权重: [0.1, 0.1, 0.25, 0.2, 0.1, 0.05, 0.05, 0.05, 0.1]
2025-12-10 11:06:20,580 - HRP_20251210 - INFO - 回测日期: 2020-05-06, 权重: [0.1, 0.1, 0.25, 0.2, 0.1, 0.05, 0.05, 0.05, 0.1]
2025-12-10 11:06:20,591 - HRP_20251210 - INFO - 回测日期: 2020-06-01, 权重: [0.1, 0.1, 0.25, 0.2, 0.1, 0.05, 0.05, 0.05, 0.1]
2025-12-10 11:06:20,603 - HRP_20251210 - INFO - 回测日期: 2020-07-01, 权重: [0.1, 0.1, 0.25, 0.2, 0.1, 0.05, 0.05, 0.05, 0.1]
2025-12-10 11:06:20,618 - HRP_20251210 - INFO - 回测日期: 2020-08-03, 权重: [0.1, 0.1, 0.25, 0.2, 0.1, 0.05, 0.05, 0.05, 0.1]
2025-12-10 11:06:20,629 - HRP_20251210 - INFO - 回测日期: 2020-09-01, 权重: [0.1, 0.1, 0.25, 0.2, 0.1, 0.05, 0.05, 0.05, 0.1]
2025-12-10 11:06:20,641 - HRP_20251210 - INFO - 回测日期: 2020-10-09, 权重: [0.1, 0.1, 0.25, 0.2, 0.1, 0.05, 0.05, 0.05, 0.1]
2025-12-10 11:06:20,649 - HRP_20251210 - INFO - 回测日期: 2020-11-02, 权重: [0.1, 0.1, 0.25, 0.2, 0.1, 0.05, 0.05, 0.05, 0.1]
2025-12-10 11:06:20,660 - HRP_20251210 - INFO - 回测日期: 2020-12-01, 权重: [0.1, 0.1, 0.25, 0.2, 0.1, 0.05, 0.05, 0.05, 0.1]
2025-12-10 11:06:20,672 - HRP_20251210 - INFO - 回测日期: 2021-01-04, 权重: [0.1, 0.1, 0.25, 0.2, 0.1, 0.05, 0.05, 0.05, 0.1]
2025-12-10 11:06:20,683 - HRP_20251210 - INFO - 回测日期: 2021-02-01, 权重: [0.1, 0.1, 0.25, 0.2, 0.1, 0.05, 0.05, 0.05, 0.1]
2025-12-10 11:06:20,693 - HRP_20251210 - INFO - 回测日期: 2021-03-01, 权重: [0.1, 0.1, 0.25, 0.2, 0.1, 0.05, 0.05, 0.05, 0.1]
2025-12-10 11:06:20,704 - HRP_20251210 - INFO - 回测日期: 2021-04-01, 权重: [0.1, 0.1, 0.25, 0.2, 0.1, 0.05, 0.05, 0.05, 0.1]
2025-12-10 11:06:20,715 - HRP_20251210 - INFO - 回测日期: 2021-05-06, 权重: [0.1, 0.1, 0.25, 0.2, 0.1, 0.05, 0.05, 0.05, 0.1]
2025-12-10 11:06:20,725 - HRP_20251210 - INFO - 回测日期: 2021-06-01, 权重: [0.1, 0.1, 0.25, 0.2, 0.1, 0.05, 0.05, 0.05, 0.1]
2025-12-10 11:06:20,735 - HRP_20251210 - INFO - 回测日期: 2021-07-01, 权重: [0.1, 0.1, 0.25, 0.2, 0.1, 0.05, 0.05, 0.05, 0.1]
2025-12-10 11:06:20,746 - HRP_20251210 - INFO - 回测日期: 2021-08-02, 权重: [0.1, 0.1, 0.25, 0.2, 0.1, 0.05, 0.05, 0.05, 0.1]
2025-12-10 11:06:20,758 - HRP_20251210 - INFO - 回测日期: 2021-09-01, 权重: [0.1, 0.1, 0.25, 0.2, 0.1, 0.05, 0.05, 0.05, 0.1]
2025-12-10 11:06:20,769 - HRP_20251210 - INFO - 回测日期: 2021-10-08, 权重: [0.1, 0.1, 0.25, 0.2, 0.1, 0.05, 0.05, 0.05, 0.1]
2025-12-10 11:06:20,778 - HRP_20251210 - INFO - 回测日期: 2021-11-01, 权重: [0.1, 0.1, 0.25, 0.2, 0.1, 0.05, 0.05, 0.05, 0.1]
2025-12-10 11:06:20,790 - HRP_20251210 - INFO - 回测日期: 2021-12-01, 权重: [0.1, 0.1, 0.25, 0.2, 0.1, 0.05, 0.05, 0.05, 0.1]
2025-12-10 11:06:20,803 - HRP_20251210 - INFO - 回测日期: 2022-01-04, 权重: [0.1, 0.1, 0.25, 0.2, 0.1, 0.05, 0.05, 0.05, 0.1]
2025-12-10 11:06:20,813 - HRP_20251210 - INFO - 回测日期: 2022-02-07, 权重: [0.1, 0.1, 0.25, 0.2, 0.1, 0.05, 0.05, 0.05, 0.1]
2025-12-10 11:06:20,822 - HRP_20251210 - INFO - 回测日期: 2022-03-01, 权重: [0.1, 0.1, 0.25, 0.2, 0.1, 0.05, 0.05, 0.05, 0.1]
2025-12-10 11:06:20,834 - HRP_20251210 - INFO - 回测日期: 2022-04-01, 权重: [0.1, 0.1, 0.25, 0.2, 0.1, 0.05, 0.05, 0.05, 0.1]
2025-12-10 11:06:20,844 - HRP_20251210 - INFO - 回测日期: 2022-05-05, 权重: [0.1, 0.1, 0.25, 0.2, 0.1, 0.05, 0.05, 0.05, 0.1]
2025-12-10 11:06:20,854 - HRP_20251210 - INFO - 回测日期: 2022-06-01, 权重: [0.1, 0.1, 0.25, 0.2, 0.1, 0.05, 0.05, 0.05, 0.1]
2025-12-10 11:06:20,866 - HRP_20251210 - INFO - 回测日期: 2022-07-01, 权重: [0.1, 0.1, 0.25, 0.2, 0.1, 0.05, 0.05, 0.05, 0.1]
2025-12-10 11:06:20,877 - HRP_20251210 - INFO - 回测日期: 2022-08-01, 权重: [0.1, 0.1, 0.25, 0.2, 0.1, 0.05, 0.05, 0.05, 0.1]
2025-12-10 11:06:20,888 - HRP_20251210 - INFO - 回测日期: 2022-09-01, 权重: [0.1, 0.1, 0.25, 0.2, 0.1, 0.05, 0.05, 0.05, 0.1]
2025-12-10 11:06:20,899 - HRP_20251210 - INFO - 回测日期: 2022-10-10, 权重: [0.1, 0.1, 0.25, 0.2, 0.1, 0.05, 0.05, 0.05, 0.1]
2025-12-10 11:06:20,908 - HRP_20251210 - INFO - 回测日期: 2022-11-01, 权重: [0.1, 0.1, 0.25, 0.2, 0.1, 0.05, 0.05, 0.05, 0.1]
2025-12-10 11:06:20,919 - HRP_20251210 - INFO - 回测日期: 2022-12-01, 权重: [0.1, 0.1, 0.25, 0.2, 0.1, 0.05, 0.05, 0.05, 0.1]
2025-12-10 11:06:20,930 - HRP_20251210 - INFO - 回测日期: 2023-01-03, 权重: [0.1, 0.1, 0.25, 0.2, 0.1, 0.05, 0.05, 0.05, 0.1]
2025-12-10 11:06:20,939 - HRP_20251210 - INFO - 回测日期: 2023-02-01, 权重: [0.1, 0.1, 0.25, 0.2, 0.1, 0.05, 0.05, 0.05, 0.1]
2025-12-10 11:06:20,949 - HRP_20251210 - INFO - 回测日期: 2023-03-01, 权重: [0.1, 0.1, 0.25, 0.2, 0.1, 0.05, 0.05, 0.05, 0.1]
2025-12-10 11:06:20,962 - HRP_20251210 - INFO - 回测日期: 2023-04-03, 权重: [0.1, 0.1, 0.25, 0.2, 0.1, 0.05, 0.05, 0.05, 0.1]
2025-12-10 11:06:20,973 - HRP_20251210 - INFO - 回测日期: 2023-05-04, 权重: [0.1, 0.1, 0.25, 0.2, 0.1, 0.05, 0.05, 0.05, 0.1]
2025-12-10 11:06:20,983 - HRP_20251210 - INFO - 回测日期: 2023-06-01, 权重: [0.1, 0.1, 0.25, 0.2, 0.1, 0.05, 0.05, 0.05, 0.1]
2025-12-10 11:06:20,994 - HRP_20251210 - INFO - 回测日期: 2023-07-03, 权重: [0.1, 0.1, 0.25, 0.2, 0.1, 0.05, 0.05, 0.05, 0.1]
2025-12-10 11:06:21,006 - HRP_20251210 - INFO - 回测日期: 2023-08-01, 权重: [0.1, 0.1, 0.25, 0.2, 0.1, 0.05, 0.05, 0.05, 0.1]
2025-12-10 11:06:21,023 - HRP_20251210 - INFO - 回测日期: 2023-09-01, 权重: [0.1, 0.1, 0.25, 0.2, 0.1, 0.05, 0.05, 0.05, 0.1]
2025-12-10 11:06:21,062 - HRP_20251210 - INFO - 回测日期: 2023-10-09, 权重: [0.1, 0.1, 0.25, 0.2, 0.1, 0.05, 0.05, 0.05, 0.1]
2025-12-10 11:06:21,070 - HRP_20251210 - INFO - 回测日期: 2023-11-01, 权重: [0.1, 0.1, 0.25, 0.2, 0.1, 0.05, 0.05, 0.05, 0.1]
2025-12-10 11:06:21,081 - HRP_20251210 - INFO - 回测日期: 2023-12-01, 权重: [0.1, 0.1, 0.25, 0.2, 0.1, 0.05, 0.05, 0.05, 0.1]
2025-12-10 11:06:21,092 - HRP_20251210 - INFO - 回测日期: 2024-01-02, 权重: [0.1, 0.1, 0.25, 0.2, 0.1, 0.05, 0.05, 0.05, 0.1]
2025-12-10 11:06:21,103 - HRP_20251210 - INFO - 回测日期: 2024-02-01, 权重: [0.1, 0.1, 0.25, 0.2, 0.1, 0.05, 0.05, 0.05, 0.1]
2025-12-10 11:06:21,111 - HRP_20251210 - INFO - 回测日期: 2024-03-01, 权重: [0.1, 0.1, 0.25, 0.2, 0.1, 0.05, 0.05, 0.05, 0.1]
2025-12-10 11:06:21,122 - HRP_20251210 - INFO - 回测日期: 2024-04-01, 权重: [0.1, 0.1, 0.25, 0.2, 0.1, 0.05, 0.05, 0.05, 0.1]
2025-12-10 11:06:21,133 - HRP_20251210 - INFO - 回测日期: 2024-05-06, 权重: [0.1, 0.1, 0.25, 0.2, 0.1, 0.05, 0.05, 0.05, 0.1]
2025-12-10 11:06:21,144 - HRP_20251210 - INFO - 回测日期: 2024-06-03, 权重: [0.1, 0.1, 0.25, 0.2, 0.1, 0.05, 0.05, 0.05, 0.1]
2025-12-10 11:06:21,155 - HRP_20251210 - INFO - 回测日期: 2024-07-01, 权重: [0.1, 0.1, 0.25, 0.2, 0.1, 0.05, 0.05, 0.05, 0.1]
2025-12-10 11:06:21,166 - HRP_20251210 - INFO - 回测日期: 2024-08-01, 权重: [0.1, 0.1, 0.25, 0.2, 0.1, 0.05, 0.05, 0.05, 0.1]
2025-12-10 11:06:21,178 - HRP_20251210 - INFO - 回测日期: 2024-09-02, 权重: [0.1, 0.1, 0.25, 0.2, 0.1, 0.05, 0.05, 0.05, 0.1]
2025-12-10 11:06:21,188 - HRP_20251210 - INFO - 回测日期: 2024-10-08, 权重: [0.1, 0.1, 0.25, 0.2, 0.1, 0.05, 0.05, 0.05, 0.1]
2025-12-10 11:06:21,197 - HRP_20251210 - INFO - 回测日期: 2024-11-01, 权重: [0.1, 0.1, 0.25, 0.2, 0.1, 0.05, 0.05, 0.05, 0.1]
2025-12-10 11:06:21,208 - HRP_20251210 - INFO - 回测日期: 2024-12-02, 权重: [0.1, 0.1, 0.25, 0.2, 0.1, 0.05, 0.05, 0.05, 0.1]
2025-12-10 11:06:21,220 - HRP_20251210 - INFO - 回测日期: 2025-01-02, 权重: [0.1, 0.1, 0.25, 0.2, 0.1, 0.05, 0.05, 0.05, 0.1]
2025-12-10 11:06:21,229 - HRP_20251210 - INFO - 回测日期: 2025-02-05, 权重: [0.1, 0.1, 0.25, 0.2, 0.1, 0.05, 0.05, 0.05, 0.1]
2025-12-10 11:06:21,239 - HRP_20251210 - INFO - 回测日期: 2025-03-03, 权重: [0.1, 0.1, 0.25, 0.2, 0.1, 0.05, 0.05, 0.05, 0.1]
2025-12-10 11:06:21,250 - HRP_20251210 - INFO - 回测日期: 2025-04-01, 权重: [0.1, 0.1, 0.25, 0.2, 0.1, 0.05, 0.05, 0.05, 0.1]
2025-12-10 11:06:21,261 - HRP_20251210 - INFO - 回测日期: 2025-05-06, 权重: [0.1, 0.1, 0.25, 0.2, 0.1, 0.05, 0.05, 0.05, 0.1]
2025-12-10 11:06:21,272 - HRP_20251210 - INFO - 回测日期: 2025-06-03, 权重: [0.1, 0.1, 0.25, 0.2, 0.1, 0.05, 0.05, 0.05, 0.1]
2025-12-10 11:06:21,283 - HRP_20251210 - INFO - 回测日期: 2025-07-01, 权重: [0.1, 0.1, 0.25, 0.2, 0.1, 0.05, 0.05, 0.05, 0.1]
2025-12-10 11:06:21,297 - HRP_20251210 - INFO - 回测日期: 2025-08-01, 权重: [0.1, 0.1, 0.25, 0.2, 0.1, 0.05, 0.05, 0.05, 0.1]
2025-12-10 11:06:21,307 - HRP_20251210 - INFO - 回测日期: 2025-09-01, 权重: [0.1, 0.1, 0.25, 0.2, 0.1, 0.05, 0.05, 0.05, 0.1]
2025-12-10 11:06:21,323 - HRP_20251210 - INFO - 回测日期: 2025-10-09, 权重: [0.1, 0.1, 0.25, 0.2, 0.1, 0.05, 0.05, 0.05, 0.1]
2025-12-10 11:06:22,053 - HRP_20251210 - INFO - 策略'FixRatio'回测完成
2025-12-10 11:06:22,053 - HRP_20251210 - INFO - ============================================================
2025-12-10 11:06:22,053 - HRP_20251210 - INFO - 回测完成
2025-12-10 11:06:22,054 - HRP_20251210 - INFO - ============================================================
2025-12-10 11:06:22,055 - HRP_20251210 - INFO - 
回测结果摘要:
2025-12-10 11:06:22,057 - HRP_20251210 - INFO - 
       策略名称      最终净值     累计收益率     年化收益率     年化波动率      最大回撤
0       HRP  2.715020  1.713823  0.058058  0.015874 -0.038845
1  FixRatio  3.872141  2.857506  0.079301  0.077430 -0.222893
2025-12-10 11:06:22,057 - HRP_20251210 - INFO - ============================================================
2025-12-10 11:06:22,057 - HRP_20251210 - INFO - 开始评价回测结果
2025-12-10 11:06:22,057 - HRP_20251210 - INFO - ============================================================
2025-12-10 11:06:22,811 - HRP_20251210 - INFO - 
绘制结果图表...
2025-12-10 11:06:34,698 - HRP_20251210 - INFO - ============================================================
2025-12-10 11:06:34,698 - HRP_20251210 - INFO - 完整工作流程执行完成!
2025-12-10 11:06:34,698 - HRP_20251210 - INFO - ============================================================
